<?xml version="1.0" encoding="UTF-8"?>
<!-- Generated by org.testng.reporters.JUnitXMLReporter -->
<testsuite ignored="0" hostname="73155.local" failures="0" tests="2" name="Login Negative and Positive Tests-0" time="43.603" errors="0" timestamp="2025-07-24T11:36:51 EDT">
  <testcase classname="org.latiffsyed.tests.android.LoginFormValidationTest" name="FormLogin_ErrorValidationTest" time="15.341"/>
  <testcase classname="org.latiffsyed.tests.android.LoginFormValidationTest" name="FormLogin_PositiveFlowTest" time="14.96"/>
</testsuite> <!-- Login Negative and Positive Tests-0 -->
