<?xml version="1.0" encoding="UTF-8"?>
<!-- Generated by org.testng.reporters.JUnitXMLReporter -->
<testsuite ignored="0" hostname="73155.local" failures="0" tests="2" name="Login Negative and Positive Tests-1" time="50.293" errors="0" timestamp="2025-07-24T11:37:02 EDT">
  <testcase classname="org.latiffsyed.tests.android.LoginFormValidationTest" name="FormLogin_ErrorValidationTest" time="15.932"/>
  <testcase classname="org.latiffsyed.tests.android.LoginFormValidationTest" name="FormLogin_PositiveFlowTest" time="15.727"/>
</testsuite> <!-- Login Negative and Positive Tests-1 -->
