<?xml version="1.0" encoding="UTF-8"?>
<!-- Generated by org.testng.reporters.JUnitXMLReporter -->
<testsuite ignored="0" hostname="73155.local" failures="0" tests="1" name=" iOS Alert Handling Test-1" time="0.537" errors="0" timestamp="2025-07-24T10:53:42 EDT">
  <testcase classname="org.latiffsyed.testUtils.IOSBaseTest" name="@BeforeClass configureAppium" time="0.018">
    <failure type="java.net.MalformedURLException" message="no protocol: ">
      <![CDATA[java.net.MalformedURLException: no protocol: 
at java.base/java.net.URL.<init>(URL.java:772)
at java.base/java.net.URL.<init>(URL.java:654)
at java.base/java.net.URL.<init>(URL.java:590)
at org.openqa.selenium.remote.RemoteWebDriver.<init>(RemoteWebDriver.java)
at io.appium.java_client.AppiumDriver.<init>(AppiumDriver.java:101)
at io.appium.java_client.AppiumDriver.<init>(AppiumDriver.java:113)
at io.appium.java_client.ios.IOSDriver.<init>(IOSDriver.java:101)
at org.latiffsyed.testUtils.IOSBaseTest.configureAppium(IOSBaseTest.java:61)
at java.base/java.util.ArrayList.forEach(ArrayList.java:1596)
at java.base/java.util.concurrent.FutureTask.run(FutureTask.java:317)
at java.base/java.util.concurrent.ThreadPoolExecutor.runWorker(ThreadPoolExecutor.java:1144)
at java.base/java.util.concurrent.ThreadPoolExecutor$Worker.run(ThreadPoolExecutor.java:642)
at java.base/java.lang.Thread.run(Thread.java:1583)
... Removed 13 stack frames]]>
    </failure>
  </testcase> <!-- @BeforeClass configureAppium -->
  <testcase classname="org.latiffsyed.tests.iOS.AlertViewMessageValidationTest" name="ValidateiOSAlertMessageTest" time="0.0">
    <skipped/>
  </testcase> <!-- ValidateiOSAlertMessageTest -->
</testsuite> <!--  iOS Alert Handling Test-1 -->
