<?xml version="1.0" encoding="UTF-8"?>
<testng-results ignored="0" total="15" passed="0" failed="0" skipped="15">
  <reporter-output>
  </reporter-output>
  <suite started-at="2025-07-24T10:53:18 EDT" name="EcommerceApp Test Suite" finished-at="2025-07-24T10:53:42 EDT" duration-ms="24235">
    <groups>
      <group name="Smoke">
        <method signature="PurchaseOrderFlowTest.EndToEndOrderFlowTest(java.util.HashMap)[pri:0, instance:org.latiffsyed.tests.android.PurchaseOrderFlowTest@34b9eb03]" name="EndToEndOrderFlowTest" class="org.latiffsyed.tests.android.PurchaseOrderFlowTest"/>
        <method signature="PurchaseOrderFlowTest.EndToEndOrderFlowTest(java.util.HashMap)[pri:0, instance:org.latiffsyed.tests.android.PurchaseOrderFlowTest@f324455]" name="EndToEndOrderFlowTest" class="org.latiffsyed.tests.android.PurchaseOrderFlowTest"/>
        <method signature="PurchaseOrderFlowTest.EndToEndOrderFlowTest(java.util.HashMap)[pri:0, instance:org.latiffsyed.tests.android.PurchaseOrderFlowTest@370c1968]" name="EndToEndOrderFlowTest" class="org.latiffsyed.tests.android.PurchaseOrderFlowTest"/>
      </group> <!-- Smoke -->
    </groups>
    <test started-at="2025-07-24T10:53:18 EDT" name="E2E Purchase Flow Test-0" finished-at="2025-07-24T10:53:38 EDT" duration-ms="20362">
      <class name="org.latiffsyed.tests.android.PurchaseOrderFlowTest">
        <test-method is-config="true" signature="configureAppium()[pri:0, instance:org.latiffsyed.tests.android.PurchaseOrderFlowTest@34b9eb03]" started-at="2025-07-24T10:53:18 EDT" name="configureAppium" finished-at="2025-07-24T10:53:38 EDT" duration-ms="20233" status="FAIL">
          <exception class="io.appium.java_client.service.local.AppiumServerHasNotBeenStartedLocallyException">
            <message>
              <![CDATA[Appium HTTP server is not listening at http://127.0.0.1:4723/ after 20000 ms timeout. Consider increasing the server startup timeout value and check the server log for possible error messages occurrences.
Node.js executable path: /usr/local/bin/node
Arguments: [/usr/local/lib/node_modules/appium/build/lib/main.js, --port, 4723, --address, 127.0.0.1]
Server log: [38;5;112m[Appium][0m Welcome to Appium v2.19.0
[38;5;112m[Appium][0m Non-default server args:
[38;5;112m[Appium][0m { address: [32m'127.0.0.1'[39m }
[38;5;112m[Appium][0m The autodetected Appium home path: /Users/administrator/.appium
[38;5;112m[Appium][0m Attempting to load driver uiautomator2...
[38;5;112m[Appium][0m Attempting to load driver xcuitest...
[38;5;112m[Appium][0m Requiring driver at /Users/administrator/.appium/node_modules/appium-xcuitest-driver/build/index.js
[38;5;112m[Appium][0m Requiring driver at /Users/administrator/.appium/node_modules/appium-uiautomator2-driver/build/index.js
[38;5;112m[Appium][0m XCUITestDriver has been successfully loaded in 0.491s
[38;5;112m[Appium][0m AndroidUiautomator2Driver has been successfully loaded in 0.923s
[38;5;86m[HTTP][0m Could not start REST http interface listener. The requested port may already be in use. Please make sure there is no other instance of this server running already.
[38;5;112m[Appium][0m Could not configure Appium server. It's possible that a driver or plugin tried to update the server and failed. Original error: listen EADDRINUSE: address already in use 127.0.0.1:4723
[38;5;112m[Appium][0m Error: listen EADDRINUSE: address already in use 127.0.0.1:4723
    at Server.setupListenHandle [as _listen2] (node:net:1939:16)
    at listenInCluster (node:net:1996:12)
    at node:net:2205:7
    at processTicksAndRejections (node:internal/process/task_queues:90:21)
]]>
            </message>
            <full-stacktrace>
              <![CDATA[io.appium.java_client.service.local.AppiumServerHasNotBeenStartedLocallyException: Appium HTTP server is not listening at http://127.0.0.1:4723/ after 20000 ms timeout. Consider increasing the server startup timeout value and check the server log for possible error messages occurrences.
Node.js executable path: /usr/local/bin/node
Arguments: [/usr/local/lib/node_modules/appium/build/lib/main.js, --port, 4723, --address, 127.0.0.1]
Server log: [38;5;112m[Appium][0m Welcome to Appium v2.19.0
[38;5;112m[Appium][0m Non-default server args:
[38;5;112m[Appium][0m { address: [32m'127.0.0.1'[39m }
[38;5;112m[Appium][0m The autodetected Appium home path: /Users/administrator/.appium
[38;5;112m[Appium][0m Attempting to load driver uiautomator2...
[38;5;112m[Appium][0m Attempting to load driver xcuitest...
[38;5;112m[Appium][0m Requiring driver at /Users/administrator/.appium/node_modules/appium-xcuitest-driver/build/index.js
[38;5;112m[Appium][0m Requiring driver at /Users/administrator/.appium/node_modules/appium-uiautomator2-driver/build/index.js
[38;5;112m[Appium][0m XCUITestDriver has been successfully loaded in 0.491s
[38;5;112m[Appium][0m AndroidUiautomator2Driver has been successfully loaded in 0.923s
[38;5;86m[HTTP][0m Could not start REST http interface listener. The requested port may already be in use. Please make sure there is no other instance of this server running already.
[38;5;112m[Appium][0m Could not configure Appium server. It's possible that a driver or plugin tried to update the server and failed. Original error: listen EADDRINUSE: address already in use 127.0.0.1:4723
[38;5;112m[Appium][0m Error: listen EADDRINUSE: address already in use 127.0.0.1:4723
    at Server.setupListenHandle [as _listen2] (node:net:1939:16)
    at listenInCluster (node:net:1996:12)
    at node:net:2205:7
    at processTicksAndRejections (node:internal/process/task_queues:90:21)

at io.appium.java_client.service.local.AppiumDriverLocalService.start(AppiumDriverLocalService.java:192)
at org.latiffsyed.core.utils.AppiumUtils.startAppiumServer(AppiumUtils.java:35)
at org.latiffsyed.testUtils.AndroidBaseTest.configureAppium(AndroidBaseTest.java:52)
at java.base/jdk.internal.reflect.DirectMethodHandleAccessor.invoke(DirectMethodHandleAccessor.java:103)
at java.base/java.lang.reflect.Method.invoke(Method.java:580)
at org.testng.internal.invokers.MethodInvocationHelper.invokeMethod(MethodInvocationHelper.java:141)
at org.testng.internal.invokers.MethodInvocationHelper.invokeMethodConsideringTimeout(MethodInvocationHelper.java:71)
at org.testng.internal.invokers.ConfigInvoker.invokeConfigurationMethod(ConfigInvoker.java:400)
at org.testng.internal.invokers.ConfigInvoker.invokeConfigurations(ConfigInvoker.java:333)
at org.testng.internal.invokers.TestMethodWorker.invokeBeforeClassMethods(TestMethodWorker.java:188)
at org.testng.internal.invokers.TestMethodWorker.run(TestMethodWorker.java:128)
at java.base/java.util.ArrayList.forEach(ArrayList.java:1596)
at org.testng.TestRunner.privateRun(TestRunner.java:739)
at org.testng.TestRunner.run(TestRunner.java:614)
at org.testng.SuiteRunner.runTest(SuiteRunner.java:421)
at org.testng.SuiteRunner$SuiteWorker.run(SuiteRunner.java:463)
at org.testng.internal.thread.ThreadUtil.lambda$execute$0(ThreadUtil.java:64)
at java.base/java.util.concurrent.FutureTask.run(FutureTask.java:317)
at java.base/java.util.concurrent.ThreadPoolExecutor.runWorker(ThreadPoolExecutor.java:1144)
at java.base/java.util.concurrent.ThreadPoolExecutor$Worker.run(ThreadPoolExecutor.java:642)
at java.base/java.lang.Thread.run(Thread.java:1583)
Caused by: io.appium.java_client.service.local.AppiumServerAvailabilityChecker$ConnectionTimeout: ConnectionTimeout
at io.appium.java_client.service.local.AppiumServerAvailabilityChecker.waitUntilAvailable(AppiumServerAvailabilityChecker.java:72)
at io.appium.java_client.service.local.AppiumDriverLocalService.ping(AppiumDriverLocalService.java:144)
at io.appium.java_client.service.local.AppiumDriverLocalService.start(AppiumDriverLocalService.java:185)
... 20 more
Caused by: java.net.ConnectException: Connection refused
at java.base/sun.nio.ch.Net.pollConnect(Native Method)
at java.base/sun.nio.ch.Net.pollConnectNow(Net.java:682)
at java.base/sun.nio.ch.NioSocketImpl.timedFinishConnect(NioSocketImpl.java:549)
at java.base/sun.nio.ch.NioSocketImpl.connect(NioSocketImpl.java:592)
at java.base/java.net.Socket.connect(Socket.java:751)
at java.base/sun.net.NetworkClient.doConnect(NetworkClient.java:178)
at java.base/sun.net.www.http.HttpClient.openServer(HttpClient.java:531)
at java.base/sun.net.www.http.HttpClient.openServer(HttpClient.java:636)
at java.base/sun.net.www.http.HttpClient.<init>(HttpClient.java:280)
at java.base/sun.net.www.http.HttpClient.New(HttpClient.java:386)
at java.base/sun.net.www.http.HttpClient.New(HttpClient.java:408)
at java.base/sun.net.www.protocol.http.HttpURLConnection.getNewHttpClient(HttpURLConnection.java:1319)
at java.base/sun.net.www.protocol.http.HttpURLConnection.plainConnect0(HttpURLConnection.java:1252)
at java.base/sun.net.www.protocol.http.HttpURLConnection.plainConnect(HttpURLConnection.java:1138)
at java.base/sun.net.www.protocol.http.HttpURLConnection.connect(HttpURLConnection.java:1067)
at io.appium.java_client.service.local.AppiumServerAvailabilityChecker.connectToUrl(AppiumServerAvailabilityChecker.java:79)
at io.appium.java_client.service.local.AppiumServerAvailabilityChecker.waitUntilAvailable(AppiumServerAvailabilityChecker.java:61)
... 22 more
]]>
            </full-stacktrace>
          </exception> <!-- io.appium.java_client.service.local.AppiumServerHasNotBeenStartedLocallyException -->
          <reporter-output>
          </reporter-output>
        </test-method> <!-- configureAppium -->
        <test-method is-config="true" signature="preSetup()[pri:0, instance:org.latiffsyed.tests.android.PurchaseOrderFlowTest@34b9eb03]" started-at="2025-07-24T10:53:38 EDT" name="preSetup" finished-at="2025-07-24T10:53:38 EDT" duration-ms="8" status="FAIL">
          <exception class="java.lang.NullPointerException">
            <message>
              <![CDATA[Cannot invoke "org.latiffsyed.pageobjects.android.FormPage.setActivity()" because "this.formPage" is null]]>
            </message>
            <full-stacktrace>
              <![CDATA[java.lang.NullPointerException: Cannot invoke "org.latiffsyed.pageobjects.android.FormPage.setActivity()" because "this.formPage" is null
at org.latiffsyed.tests.android.PurchaseOrderFlowTest.preSetup(PurchaseOrderFlowTest.java:66)
at java.base/jdk.internal.reflect.DirectMethodHandleAccessor.invoke(DirectMethodHandleAccessor.java:103)
at java.base/java.lang.reflect.Method.invoke(Method.java:580)
at org.testng.internal.invokers.MethodInvocationHelper.invokeMethod(MethodInvocationHelper.java:141)
at org.testng.internal.invokers.MethodInvocationHelper.invokeMethodConsideringTimeout(MethodInvocationHelper.java:71)
at org.testng.internal.invokers.ConfigInvoker.invokeConfigurationMethod(ConfigInvoker.java:400)
at org.testng.internal.invokers.ConfigInvoker.invokeConfigurations(ConfigInvoker.java:333)
at org.testng.internal.invokers.TestInvoker.runConfigMethods(TestInvoker.java:833)
at org.testng.internal.invokers.TestInvoker.invokeMethod(TestInvoker.java:600)
at org.testng.internal.invokers.TestInvoker.invokeTestMethod(TestInvoker.java:230)
at org.testng.internal.invokers.MethodRunner.runInSequence(MethodRunner.java:63)
at org.testng.internal.invokers.TestInvoker$MethodInvocationAgent.invoke(TestInvoker.java:992)
at org.testng.internal.invokers.TestInvoker.invokeTestMethods(TestInvoker.java:203)
at org.testng.internal.invokers.TestMethodWorker.invokeTestMethods(TestMethodWorker.java:154)
at org.testng.internal.invokers.TestMethodWorker.run(TestMethodWorker.java:134)
at java.base/java.util.ArrayList.forEach(ArrayList.java:1596)
at org.testng.TestRunner.privateRun(TestRunner.java:739)
at org.testng.TestRunner.run(TestRunner.java:614)
at org.testng.SuiteRunner.runTest(SuiteRunner.java:421)
at org.testng.SuiteRunner$SuiteWorker.run(SuiteRunner.java:463)
at org.testng.internal.thread.ThreadUtil.lambda$execute$0(ThreadUtil.java:64)
at java.base/java.util.concurrent.FutureTask.run(FutureTask.java:317)
at java.base/java.util.concurrent.ThreadPoolExecutor.runWorker(ThreadPoolExecutor.java:1144)
at java.base/java.util.concurrent.ThreadPoolExecutor$Worker.run(ThreadPoolExecutor.java:642)
at java.base/java.lang.Thread.run(Thread.java:1583)
]]>
            </full-stacktrace>
          </exception> <!-- java.lang.NullPointerException -->
          <reporter-output>
          </reporter-output>
        </test-method> <!-- preSetup -->
        <test-method signature="EndToEndOrderFlowTest(java.util.HashMap)[pri:0, instance:org.latiffsyed.tests.android.PurchaseOrderFlowTest@34b9eb03]" started-at="2025-07-24T10:53:38 EDT" name="EndToEndOrderFlowTest" data-provider="getData" finished-at="2025-07-24T10:53:38 EDT" duration-ms="0" status="SKIP">
          <params>
            <param index="0">
              <value>
                <![CDATA[{gender=Female, name=Nadu Syed, country=Australia}]]>
              </value>
            </param>
          </params>
          <exception class="io.appium.java_client.service.local.AppiumServerHasNotBeenStartedLocallyException">
            <message>
              <![CDATA[Appium HTTP server is not listening at http://127.0.0.1:4723/ after 20000 ms timeout. Consider increasing the server startup timeout value and check the server log for possible error messages occurrences.
Node.js executable path: /usr/local/bin/node
Arguments: [/usr/local/lib/node_modules/appium/build/lib/main.js, --port, 4723, --address, 127.0.0.1]
Server log: [38;5;112m[Appium][0m Welcome to Appium v2.19.0
[38;5;112m[Appium][0m Non-default server args:
[38;5;112m[Appium][0m { address: [32m'127.0.0.1'[39m }
[38;5;112m[Appium][0m The autodetected Appium home path: /Users/administrator/.appium
[38;5;112m[Appium][0m Attempting to load driver uiautomator2...
[38;5;112m[Appium][0m Attempting to load driver xcuitest...
[38;5;112m[Appium][0m Requiring driver at /Users/administrator/.appium/node_modules/appium-xcuitest-driver/build/index.js
[38;5;112m[Appium][0m Requiring driver at /Users/administrator/.appium/node_modules/appium-uiautomator2-driver/build/index.js
[38;5;112m[Appium][0m XCUITestDriver has been successfully loaded in 0.491s
[38;5;112m[Appium][0m AndroidUiautomator2Driver has been successfully loaded in 0.923s
[38;5;86m[HTTP][0m Could not start REST http interface listener. The requested port may already be in use. Please make sure there is no other instance of this server running already.
[38;5;112m[Appium][0m Could not configure Appium server. It's possible that a driver or plugin tried to update the server and failed. Original error: listen EADDRINUSE: address already in use 127.0.0.1:4723
[38;5;112m[Appium][0m Error: listen EADDRINUSE: address already in use 127.0.0.1:4723
    at Server.setupListenHandle [as _listen2] (node:net:1939:16)
    at listenInCluster (node:net:1996:12)
    at node:net:2205:7
    at processTicksAndRejections (node:internal/process/task_queues:90:21)
]]>
            </message>
            <full-stacktrace>
              <![CDATA[io.appium.java_client.service.local.AppiumServerHasNotBeenStartedLocallyException: Appium HTTP server is not listening at http://127.0.0.1:4723/ after 20000 ms timeout. Consider increasing the server startup timeout value and check the server log for possible error messages occurrences.
Node.js executable path: /usr/local/bin/node
Arguments: [/usr/local/lib/node_modules/appium/build/lib/main.js, --port, 4723, --address, 127.0.0.1]
Server log: [38;5;112m[Appium][0m Welcome to Appium v2.19.0
[38;5;112m[Appium][0m Non-default server args:
[38;5;112m[Appium][0m { address: [32m'127.0.0.1'[39m }
[38;5;112m[Appium][0m The autodetected Appium home path: /Users/administrator/.appium
[38;5;112m[Appium][0m Attempting to load driver uiautomator2...
[38;5;112m[Appium][0m Attempting to load driver xcuitest...
[38;5;112m[Appium][0m Requiring driver at /Users/administrator/.appium/node_modules/appium-xcuitest-driver/build/index.js
[38;5;112m[Appium][0m Requiring driver at /Users/administrator/.appium/node_modules/appium-uiautomator2-driver/build/index.js
[38;5;112m[Appium][0m XCUITestDriver has been successfully loaded in 0.491s
[38;5;112m[Appium][0m AndroidUiautomator2Driver has been successfully loaded in 0.923s
[38;5;86m[HTTP][0m Could not start REST http interface listener. The requested port may already be in use. Please make sure there is no other instance of this server running already.
[38;5;112m[Appium][0m Could not configure Appium server. It's possible that a driver or plugin tried to update the server and failed. Original error: listen EADDRINUSE: address already in use 127.0.0.1:4723
[38;5;112m[Appium][0m Error: listen EADDRINUSE: address already in use 127.0.0.1:4723
    at Server.setupListenHandle [as _listen2] (node:net:1939:16)
    at listenInCluster (node:net:1996:12)
    at node:net:2205:7
    at processTicksAndRejections (node:internal/process/task_queues:90:21)

at io.appium.java_client.service.local.AppiumDriverLocalService.start(AppiumDriverLocalService.java:192)
at org.latiffsyed.core.utils.AppiumUtils.startAppiumServer(AppiumUtils.java:35)
at org.latiffsyed.testUtils.AndroidBaseTest.configureAppium(AndroidBaseTest.java:52)
at java.base/jdk.internal.reflect.DirectMethodHandleAccessor.invoke(DirectMethodHandleAccessor.java:103)
at java.base/java.lang.reflect.Method.invoke(Method.java:580)
at org.testng.internal.invokers.MethodInvocationHelper.invokeMethod(MethodInvocationHelper.java:141)
at org.testng.internal.invokers.MethodInvocationHelper.invokeMethodConsideringTimeout(MethodInvocationHelper.java:71)
at org.testng.internal.invokers.ConfigInvoker.invokeConfigurationMethod(ConfigInvoker.java:400)
at org.testng.internal.invokers.ConfigInvoker.invokeConfigurations(ConfigInvoker.java:333)
at org.testng.internal.invokers.TestMethodWorker.invokeBeforeClassMethods(TestMethodWorker.java:188)
at org.testng.internal.invokers.TestMethodWorker.run(TestMethodWorker.java:128)
at java.base/java.util.ArrayList.forEach(ArrayList.java:1596)
at org.testng.TestRunner.privateRun(TestRunner.java:739)
at org.testng.TestRunner.run(TestRunner.java:614)
at org.testng.SuiteRunner.runTest(SuiteRunner.java:421)
at org.testng.SuiteRunner$SuiteWorker.run(SuiteRunner.java:463)
at org.testng.internal.thread.ThreadUtil.lambda$execute$0(ThreadUtil.java:64)
at java.base/java.util.concurrent.FutureTask.run(FutureTask.java:317)
at java.base/java.util.concurrent.ThreadPoolExecutor.runWorker(ThreadPoolExecutor.java:1144)
at java.base/java.util.concurrent.ThreadPoolExecutor$Worker.run(ThreadPoolExecutor.java:642)
at java.base/java.lang.Thread.run(Thread.java:1583)
Caused by: io.appium.java_client.service.local.AppiumServerAvailabilityChecker$ConnectionTimeout: ConnectionTimeout
at io.appium.java_client.service.local.AppiumServerAvailabilityChecker.waitUntilAvailable(AppiumServerAvailabilityChecker.java:72)
at io.appium.java_client.service.local.AppiumDriverLocalService.ping(AppiumDriverLocalService.java:144)
at io.appium.java_client.service.local.AppiumDriverLocalService.start(AppiumDriverLocalService.java:185)
... 20 more
Caused by: java.net.ConnectException: Connection refused
at java.base/sun.nio.ch.Net.pollConnect(Native Method)
at java.base/sun.nio.ch.Net.pollConnectNow(Net.java:682)
at java.base/sun.nio.ch.NioSocketImpl.timedFinishConnect(NioSocketImpl.java:549)
at java.base/sun.nio.ch.NioSocketImpl.connect(NioSocketImpl.java:592)
at java.base/java.net.Socket.connect(Socket.java:751)
at java.base/sun.net.NetworkClient.doConnect(NetworkClient.java:178)
at java.base/sun.net.www.http.HttpClient.openServer(HttpClient.java:531)
at java.base/sun.net.www.http.HttpClient.openServer(HttpClient.java:636)
at java.base/sun.net.www.http.HttpClient.<init>(HttpClient.java:280)
at java.base/sun.net.www.http.HttpClient.New(HttpClient.java:386)
at java.base/sun.net.www.http.HttpClient.New(HttpClient.java:408)
at java.base/sun.net.www.protocol.http.HttpURLConnection.getNewHttpClient(HttpURLConnection.java:1319)
at java.base/sun.net.www.protocol.http.HttpURLConnection.plainConnect0(HttpURLConnection.java:1252)
at java.base/sun.net.www.protocol.http.HttpURLConnection.plainConnect(HttpURLConnection.java:1138)
at java.base/sun.net.www.protocol.http.HttpURLConnection.connect(HttpURLConnection.java:1067)
at io.appium.java_client.service.local.AppiumServerAvailabilityChecker.connectToUrl(AppiumServerAvailabilityChecker.java:79)
at io.appium.java_client.service.local.AppiumServerAvailabilityChecker.waitUntilAvailable(AppiumServerAvailabilityChecker.java:61)
... 22 more
]]>
            </full-stacktrace>
          </exception> <!-- io.appium.java_client.service.local.AppiumServerHasNotBeenStartedLocallyException -->
          <reporter-output>
          </reporter-output>
        </test-method> <!-- EndToEndOrderFlowTest -->
        <test-method is-config="true" signature="tearDown()[pri:0, instance:org.latiffsyed.tests.android.PurchaseOrderFlowTest@34b9eb03]" started-at="2025-07-24T10:53:38 EDT" name="tearDown" finished-at="2025-07-24T10:53:38 EDT" duration-ms="9" status="FAIL">
          <exception class="java.lang.NullPointerException">
            <message>
              <![CDATA[Cannot invoke "io.appium.java_client.android.AndroidDriver.quit()" because "this.driver" is null]]>
            </message>
            <full-stacktrace>
              <![CDATA[java.lang.NullPointerException: Cannot invoke "io.appium.java_client.android.AndroidDriver.quit()" because "this.driver" is null
at org.latiffsyed.testUtils.AndroidBaseTest.tearDown(AndroidBaseTest.java:72)
at java.base/jdk.internal.reflect.DirectMethodHandleAccessor.invoke(DirectMethodHandleAccessor.java:103)
at java.base/java.lang.reflect.Method.invoke(Method.java:580)
at org.testng.internal.invokers.MethodInvocationHelper.invokeMethod(MethodInvocationHelper.java:141)
at org.testng.internal.invokers.MethodInvocationHelper.invokeMethodConsideringTimeout(MethodInvocationHelper.java:71)
at org.testng.internal.invokers.ConfigInvoker.invokeConfigurationMethod(ConfigInvoker.java:400)
at org.testng.internal.invokers.ConfigInvoker.invokeConfigurations(ConfigInvoker.java:333)
at org.testng.internal.invokers.TestMethodWorker.invokeAfterClassConfigurations(TestMethodWorker.java:238)
at org.testng.internal.invokers.TestMethodWorker.invokeAfterClassMethods(TestMethodWorker.java:223)
at org.testng.internal.invokers.TestMethodWorker.run(TestMethodWorker.java:137)
at java.base/java.util.ArrayList.forEach(ArrayList.java:1596)
at org.testng.TestRunner.privateRun(TestRunner.java:739)
at org.testng.TestRunner.run(TestRunner.java:614)
at org.testng.SuiteRunner.runTest(SuiteRunner.java:421)
at org.testng.SuiteRunner$SuiteWorker.run(SuiteRunner.java:463)
at org.testng.internal.thread.ThreadUtil.lambda$execute$0(ThreadUtil.java:64)
at java.base/java.util.concurrent.FutureTask.run(FutureTask.java:317)
at java.base/java.util.concurrent.ThreadPoolExecutor.runWorker(ThreadPoolExecutor.java:1144)
at java.base/java.util.concurrent.ThreadPoolExecutor$Worker.run(ThreadPoolExecutor.java:642)
at java.base/java.lang.Thread.run(Thread.java:1583)
]]>
            </full-stacktrace>
          </exception> <!-- java.lang.NullPointerException -->
          <reporter-output>
          </reporter-output>
        </test-method> <!-- tearDown -->
      </class> <!-- org.latiffsyed.tests.android.PurchaseOrderFlowTest -->
    </test> <!-- E2E Purchase Flow Test-0 -->
    <test started-at="2025-07-24T10:53:18 EDT" name="E2E Purchase Flow Test-1" finished-at="2025-07-24T10:53:38 EDT" duration-ms="20362">
      <class name="org.latiffsyed.tests.android.PurchaseOrderFlowTest">
        <test-method is-config="true" signature="configureAppium()[pri:0, instance:org.latiffsyed.tests.android.PurchaseOrderFlowTest@f324455]" started-at="2025-07-24T10:53:18 EDT" name="configureAppium" finished-at="2025-07-24T10:53:38 EDT" duration-ms="20240" status="FAIL">
          <exception class="io.appium.java_client.service.local.AppiumServerHasNotBeenStartedLocallyException">
            <message>
              <![CDATA[Appium HTTP server is not listening at http://127.0.0.1:4723/ after 20000 ms timeout. Consider increasing the server startup timeout value and check the server log for possible error messages occurrences.
Node.js executable path: /usr/local/bin/node
Arguments: [/usr/local/lib/node_modules/appium/build/lib/main.js, --port, 4723, --address, 127.0.0.1]
Server log: [38;5;112m[Appium][0m Welcome to Appium v2.19.0
[38;5;112m[Appium][0m Non-default server args:
[38;5;112m[Appium][0m { address: [32m'127.0.0.1'[39m }
[38;5;112m[Appium][0m The autodetected Appium home path: /Users/administrator/.appium
[38;5;112m[Appium][0m Attempting to load driver uiautomator2...
[38;5;112m[Appium][0m Attempting to load driver xcuitest...
[38;5;112m[Appium][0m Requiring driver at /Users/administrator/.appium/node_modules/appium-xcuitest-driver/build/index.js
[38;5;112m[Appium][0m Requiring driver at /Users/administrator/.appium/node_modules/appium-uiautomator2-driver/build/index.js
[38;5;112m[Appium][0m XCUITestDriver has been successfully loaded in 0.491s
[38;5;112m[Appium][0m AndroidUiautomator2Driver has been successfully loaded in 0.923s
[38;5;86m[HTTP][0m Could not start REST http interface listener. The requested port may already be in use. Please make sure there is no other instance of this server running already.
[38;5;112m[Appium][0m Could not configure Appium server. It's possible that a driver or plugin tried to update the server and failed. Original error: listen EADDRINUSE: address already in use 127.0.0.1:4723
[38;5;112m[Appium][0m Error: listen EADDRINUSE: address already in use 127.0.0.1:4723
    at Server.setupListenHandle [as _listen2] (node:net:1939:16)
    at listenInCluster (node:net:1996:12)
    at node:net:2205:7
    at processTicksAndRejections (node:internal/process/task_queues:90:21)
]]>
            </message>
            <full-stacktrace>
              <![CDATA[io.appium.java_client.service.local.AppiumServerHasNotBeenStartedLocallyException: Appium HTTP server is not listening at http://127.0.0.1:4723/ after 20000 ms timeout. Consider increasing the server startup timeout value and check the server log for possible error messages occurrences.
Node.js executable path: /usr/local/bin/node
Arguments: [/usr/local/lib/node_modules/appium/build/lib/main.js, --port, 4723, --address, 127.0.0.1]
Server log: [38;5;112m[Appium][0m Welcome to Appium v2.19.0
[38;5;112m[Appium][0m Non-default server args:
[38;5;112m[Appium][0m { address: [32m'127.0.0.1'[39m }
[38;5;112m[Appium][0m The autodetected Appium home path: /Users/administrator/.appium
[38;5;112m[Appium][0m Attempting to load driver uiautomator2...
[38;5;112m[Appium][0m Attempting to load driver xcuitest...
[38;5;112m[Appium][0m Requiring driver at /Users/administrator/.appium/node_modules/appium-xcuitest-driver/build/index.js
[38;5;112m[Appium][0m Requiring driver at /Users/administrator/.appium/node_modules/appium-uiautomator2-driver/build/index.js
[38;5;112m[Appium][0m XCUITestDriver has been successfully loaded in 0.491s
[38;5;112m[Appium][0m AndroidUiautomator2Driver has been successfully loaded in 0.923s
[38;5;86m[HTTP][0m Could not start REST http interface listener. The requested port may already be in use. Please make sure there is no other instance of this server running already.
[38;5;112m[Appium][0m Could not configure Appium server. It's possible that a driver or plugin tried to update the server and failed. Original error: listen EADDRINUSE: address already in use 127.0.0.1:4723
[38;5;112m[Appium][0m Error: listen EADDRINUSE: address already in use 127.0.0.1:4723
    at Server.setupListenHandle [as _listen2] (node:net:1939:16)
    at listenInCluster (node:net:1996:12)
    at node:net:2205:7
    at processTicksAndRejections (node:internal/process/task_queues:90:21)

at io.appium.java_client.service.local.AppiumDriverLocalService.start(AppiumDriverLocalService.java:192)
at org.latiffsyed.core.utils.AppiumUtils.startAppiumServer(AppiumUtils.java:35)
at org.latiffsyed.testUtils.AndroidBaseTest.configureAppium(AndroidBaseTest.java:52)
at java.base/jdk.internal.reflect.DirectMethodHandleAccessor.invoke(DirectMethodHandleAccessor.java:103)
at java.base/java.lang.reflect.Method.invoke(Method.java:580)
at org.testng.internal.invokers.MethodInvocationHelper.invokeMethod(MethodInvocationHelper.java:141)
at org.testng.internal.invokers.MethodInvocationHelper.invokeMethodConsideringTimeout(MethodInvocationHelper.java:71)
at org.testng.internal.invokers.ConfigInvoker.invokeConfigurationMethod(ConfigInvoker.java:400)
at org.testng.internal.invokers.ConfigInvoker.invokeConfigurations(ConfigInvoker.java:333)
at org.testng.internal.invokers.TestMethodWorker.invokeBeforeClassMethods(TestMethodWorker.java:188)
at org.testng.internal.invokers.TestMethodWorker.run(TestMethodWorker.java:128)
at java.base/java.util.ArrayList.forEach(ArrayList.java:1596)
at org.testng.TestRunner.privateRun(TestRunner.java:739)
at org.testng.TestRunner.run(TestRunner.java:614)
at org.testng.SuiteRunner.runTest(SuiteRunner.java:421)
at org.testng.SuiteRunner$SuiteWorker.run(SuiteRunner.java:463)
at org.testng.internal.thread.ThreadUtil.lambda$execute$0(ThreadUtil.java:64)
at java.base/java.util.concurrent.FutureTask.run(FutureTask.java:317)
at java.base/java.util.concurrent.ThreadPoolExecutor.runWorker(ThreadPoolExecutor.java:1144)
at java.base/java.util.concurrent.ThreadPoolExecutor$Worker.run(ThreadPoolExecutor.java:642)
at java.base/java.lang.Thread.run(Thread.java:1583)
Caused by: io.appium.java_client.service.local.AppiumServerAvailabilityChecker$ConnectionTimeout: ConnectionTimeout
at io.appium.java_client.service.local.AppiumServerAvailabilityChecker.waitUntilAvailable(AppiumServerAvailabilityChecker.java:72)
at io.appium.java_client.service.local.AppiumDriverLocalService.ping(AppiumDriverLocalService.java:144)
at io.appium.java_client.service.local.AppiumDriverLocalService.start(AppiumDriverLocalService.java:185)
... 20 more
Caused by: java.net.ConnectException: Connection refused
at java.base/sun.nio.ch.Net.pollConnect(Native Method)
at java.base/sun.nio.ch.Net.pollConnectNow(Net.java:682)
at java.base/sun.nio.ch.NioSocketImpl.timedFinishConnect(NioSocketImpl.java:549)
at java.base/sun.nio.ch.NioSocketImpl.connect(NioSocketImpl.java:592)
at java.base/java.net.Socket.connect(Socket.java:751)
at java.base/sun.net.NetworkClient.doConnect(NetworkClient.java:178)
at java.base/sun.net.www.http.HttpClient.openServer(HttpClient.java:531)
at java.base/sun.net.www.http.HttpClient.openServer(HttpClient.java:636)
at java.base/sun.net.www.http.HttpClient.<init>(HttpClient.java:280)
at java.base/sun.net.www.http.HttpClient.New(HttpClient.java:386)
at java.base/sun.net.www.http.HttpClient.New(HttpClient.java:408)
at java.base/sun.net.www.protocol.http.HttpURLConnection.getNewHttpClient(HttpURLConnection.java:1319)
at java.base/sun.net.www.protocol.http.HttpURLConnection.plainConnect0(HttpURLConnection.java:1252)
at java.base/sun.net.www.protocol.http.HttpURLConnection.plainConnect(HttpURLConnection.java:1138)
at java.base/sun.net.www.protocol.http.HttpURLConnection.connect(HttpURLConnection.java:1067)
at io.appium.java_client.service.local.AppiumServerAvailabilityChecker.connectToUrl(AppiumServerAvailabilityChecker.java:79)
at io.appium.java_client.service.local.AppiumServerAvailabilityChecker.waitUntilAvailable(AppiumServerAvailabilityChecker.java:61)
... 22 more
]]>
            </full-stacktrace>
          </exception> <!-- io.appium.java_client.service.local.AppiumServerHasNotBeenStartedLocallyException -->
          <reporter-output>
          </reporter-output>
        </test-method> <!-- configureAppium -->
        <test-method is-config="true" signature="preSetup()[pri:0, instance:org.latiffsyed.tests.android.PurchaseOrderFlowTest@f324455]" started-at="2025-07-24T10:53:38 EDT" name="preSetup" finished-at="2025-07-24T10:53:38 EDT" duration-ms="8" status="FAIL">
          <exception class="java.lang.NullPointerException">
            <message>
              <![CDATA[Cannot invoke "org.latiffsyed.pageobjects.android.FormPage.setActivity()" because "this.formPage" is null]]>
            </message>
            <full-stacktrace>
              <![CDATA[java.lang.NullPointerException: Cannot invoke "org.latiffsyed.pageobjects.android.FormPage.setActivity()" because "this.formPage" is null
at org.latiffsyed.tests.android.PurchaseOrderFlowTest.preSetup(PurchaseOrderFlowTest.java:66)
at java.base/jdk.internal.reflect.DirectMethodHandleAccessor.invoke(DirectMethodHandleAccessor.java:103)
at java.base/java.lang.reflect.Method.invoke(Method.java:580)
at org.testng.internal.invokers.MethodInvocationHelper.invokeMethod(MethodInvocationHelper.java:141)
at org.testng.internal.invokers.MethodInvocationHelper.invokeMethodConsideringTimeout(MethodInvocationHelper.java:71)
at org.testng.internal.invokers.ConfigInvoker.invokeConfigurationMethod(ConfigInvoker.java:400)
at org.testng.internal.invokers.ConfigInvoker.invokeConfigurations(ConfigInvoker.java:333)
at org.testng.internal.invokers.TestInvoker.runConfigMethods(TestInvoker.java:833)
at org.testng.internal.invokers.TestInvoker.invokeMethod(TestInvoker.java:600)
at org.testng.internal.invokers.TestInvoker.invokeTestMethod(TestInvoker.java:230)
at org.testng.internal.invokers.MethodRunner.runInSequence(MethodRunner.java:63)
at org.testng.internal.invokers.TestInvoker$MethodInvocationAgent.invoke(TestInvoker.java:992)
at org.testng.internal.invokers.TestInvoker.invokeTestMethods(TestInvoker.java:203)
at org.testng.internal.invokers.TestMethodWorker.invokeTestMethods(TestMethodWorker.java:154)
at org.testng.internal.invokers.TestMethodWorker.run(TestMethodWorker.java:134)
at java.base/java.util.ArrayList.forEach(ArrayList.java:1596)
at org.testng.TestRunner.privateRun(TestRunner.java:739)
at org.testng.TestRunner.run(TestRunner.java:614)
at org.testng.SuiteRunner.runTest(SuiteRunner.java:421)
at org.testng.SuiteRunner$SuiteWorker.run(SuiteRunner.java:463)
at org.testng.internal.thread.ThreadUtil.lambda$execute$0(ThreadUtil.java:64)
at java.base/java.util.concurrent.FutureTask.run(FutureTask.java:317)
at java.base/java.util.concurrent.ThreadPoolExecutor.runWorker(ThreadPoolExecutor.java:1144)
at java.base/java.util.concurrent.ThreadPoolExecutor$Worker.run(ThreadPoolExecutor.java:642)
at java.base/java.lang.Thread.run(Thread.java:1583)
]]>
            </full-stacktrace>
          </exception> <!-- java.lang.NullPointerException -->
          <reporter-output>
          </reporter-output>
        </test-method> <!-- preSetup -->
        <test-method signature="EndToEndOrderFlowTest(java.util.HashMap)[pri:0, instance:org.latiffsyed.tests.android.PurchaseOrderFlowTest@f324455]" started-at="2025-07-24T10:53:38 EDT" name="EndToEndOrderFlowTest" data-provider="getData" finished-at="2025-07-24T10:53:38 EDT" duration-ms="0" status="SKIP">
          <params>
            <param index="0">
              <value>
                <![CDATA[{gender=Female, name=Nadu Syed, country=Australia}]]>
              </value>
            </param>
          </params>
          <exception class="java.lang.NullPointerException">
            <message>
              <![CDATA[Cannot invoke "org.latiffsyed.pageobjects.android.FormPage.setActivity()" because "this.formPage" is null]]>
            </message>
            <full-stacktrace>
              <![CDATA[java.lang.NullPointerException: Cannot invoke "org.latiffsyed.pageobjects.android.FormPage.setActivity()" because "this.formPage" is null
at org.latiffsyed.tests.android.PurchaseOrderFlowTest.preSetup(PurchaseOrderFlowTest.java:66)
at java.base/jdk.internal.reflect.DirectMethodHandleAccessor.invoke(DirectMethodHandleAccessor.java:103)
at java.base/java.lang.reflect.Method.invoke(Method.java:580)
at org.testng.internal.invokers.MethodInvocationHelper.invokeMethod(MethodInvocationHelper.java:141)
at org.testng.internal.invokers.MethodInvocationHelper.invokeMethodConsideringTimeout(MethodInvocationHelper.java:71)
at org.testng.internal.invokers.ConfigInvoker.invokeConfigurationMethod(ConfigInvoker.java:400)
at org.testng.internal.invokers.ConfigInvoker.invokeConfigurations(ConfigInvoker.java:333)
at org.testng.internal.invokers.TestInvoker.runConfigMethods(TestInvoker.java:833)
at org.testng.internal.invokers.TestInvoker.invokeMethod(TestInvoker.java:600)
at org.testng.internal.invokers.TestInvoker.invokeTestMethod(TestInvoker.java:230)
at org.testng.internal.invokers.MethodRunner.runInSequence(MethodRunner.java:63)
at org.testng.internal.invokers.TestInvoker$MethodInvocationAgent.invoke(TestInvoker.java:992)
at org.testng.internal.invokers.TestInvoker.invokeTestMethods(TestInvoker.java:203)
at org.testng.internal.invokers.TestMethodWorker.invokeTestMethods(TestMethodWorker.java:154)
at org.testng.internal.invokers.TestMethodWorker.run(TestMethodWorker.java:134)
at java.base/java.util.ArrayList.forEach(ArrayList.java:1596)
at org.testng.TestRunner.privateRun(TestRunner.java:739)
at org.testng.TestRunner.run(TestRunner.java:614)
at org.testng.SuiteRunner.runTest(SuiteRunner.java:421)
at org.testng.SuiteRunner$SuiteWorker.run(SuiteRunner.java:463)
at org.testng.internal.thread.ThreadUtil.lambda$execute$0(ThreadUtil.java:64)
at java.base/java.util.concurrent.FutureTask.run(FutureTask.java:317)
at java.base/java.util.concurrent.ThreadPoolExecutor.runWorker(ThreadPoolExecutor.java:1144)
at java.base/java.util.concurrent.ThreadPoolExecutor$Worker.run(ThreadPoolExecutor.java:642)
at java.base/java.lang.Thread.run(Thread.java:1583)
]]>
            </full-stacktrace>
          </exception> <!-- java.lang.NullPointerException -->
          <reporter-output>
          </reporter-output>
        </test-method> <!-- EndToEndOrderFlowTest -->
        <test-method is-config="true" signature="tearDown()[pri:0, instance:org.latiffsyed.tests.android.PurchaseOrderFlowTest@f324455]" started-at="2025-07-24T10:53:38 EDT" name="tearDown" finished-at="2025-07-24T10:53:38 EDT" duration-ms="9" status="FAIL">
          <exception class="java.lang.NullPointerException">
            <message>
              <![CDATA[Cannot invoke "io.appium.java_client.android.AndroidDriver.quit()" because "this.driver" is null]]>
            </message>
            <full-stacktrace>
              <![CDATA[java.lang.NullPointerException: Cannot invoke "io.appium.java_client.android.AndroidDriver.quit()" because "this.driver" is null
at org.latiffsyed.testUtils.AndroidBaseTest.tearDown(AndroidBaseTest.java:72)
at java.base/jdk.internal.reflect.DirectMethodHandleAccessor.invoke(DirectMethodHandleAccessor.java:103)
at java.base/java.lang.reflect.Method.invoke(Method.java:580)
at org.testng.internal.invokers.MethodInvocationHelper.invokeMethod(MethodInvocationHelper.java:141)
at org.testng.internal.invokers.MethodInvocationHelper.invokeMethodConsideringTimeout(MethodInvocationHelper.java:71)
at org.testng.internal.invokers.ConfigInvoker.invokeConfigurationMethod(ConfigInvoker.java:400)
at org.testng.internal.invokers.ConfigInvoker.invokeConfigurations(ConfigInvoker.java:333)
at org.testng.internal.invokers.TestMethodWorker.invokeAfterClassConfigurations(TestMethodWorker.java:238)
at org.testng.internal.invokers.TestMethodWorker.invokeAfterClassMethods(TestMethodWorker.java:223)
at org.testng.internal.invokers.TestMethodWorker.run(TestMethodWorker.java:137)
at java.base/java.util.ArrayList.forEach(ArrayList.java:1596)
at org.testng.TestRunner.privateRun(TestRunner.java:739)
at org.testng.TestRunner.run(TestRunner.java:614)
at org.testng.SuiteRunner.runTest(SuiteRunner.java:421)
at org.testng.SuiteRunner$SuiteWorker.run(SuiteRunner.java:463)
at org.testng.internal.thread.ThreadUtil.lambda$execute$0(ThreadUtil.java:64)
at java.base/java.util.concurrent.FutureTask.run(FutureTask.java:317)
at java.base/java.util.concurrent.ThreadPoolExecutor.runWorker(ThreadPoolExecutor.java:1144)
at java.base/java.util.concurrent.ThreadPoolExecutor$Worker.run(ThreadPoolExecutor.java:642)
at java.base/java.lang.Thread.run(Thread.java:1583)
]]>
            </full-stacktrace>
          </exception> <!-- java.lang.NullPointerException -->
          <reporter-output>
          </reporter-output>
        </test-method> <!-- tearDown -->
      </class> <!-- org.latiffsyed.tests.android.PurchaseOrderFlowTest -->
    </test> <!-- E2E Purchase Flow Test-1 -->
    <test started-at="2025-07-24T10:53:18 EDT" name="E2E Purchase Flow Test-2" finished-at="2025-07-24T10:53:38 EDT" duration-ms="20362">
      <class name="org.latiffsyed.tests.android.PurchaseOrderFlowTest">
        <test-method is-config="true" signature="configureAppium()[pri:0, instance:org.latiffsyed.tests.android.PurchaseOrderFlowTest@370c1968]" started-at="2025-07-24T10:53:18 EDT" name="configureAppium" finished-at="2025-07-24T10:53:38 EDT" duration-ms="20233" status="FAIL">
          <exception class="io.appium.java_client.service.local.AppiumServerHasNotBeenStartedLocallyException">
            <message>
              <![CDATA[Appium HTTP server is not listening at http://127.0.0.1:4723/ after 20000 ms timeout. Consider increasing the server startup timeout value and check the server log for possible error messages occurrences.
Node.js executable path: /usr/local/bin/node
Arguments: [/usr/local/lib/node_modules/appium/build/lib/main.js, --port, 4723, --address, 127.0.0.1]
Server log: [38;5;112m[Appium][0m Welcome to Appium v2.19.0
[38;5;112m[Appium][0m Non-default server args:
[38;5;112m[Appium][0m { address: [32m'127.0.0.1'[39m }
[38;5;112m[Appium][0m The autodetected Appium home path: /Users/administrator/.appium
[38;5;112m[Appium][0m Attempting to load driver uiautomator2...
[38;5;112m[Appium][0m Attempting to load driver xcuitest...
[38;5;112m[Appium][0m Requiring driver at /Users/administrator/.appium/node_modules/appium-xcuitest-driver/build/index.js
[38;5;112m[Appium][0m Requiring driver at /Users/administrator/.appium/node_modules/appium-uiautomator2-driver/build/index.js
[38;5;112m[Appium][0m XCUITestDriver has been successfully loaded in 0.491s
[38;5;112m[Appium][0m AndroidUiautomator2Driver has been successfully loaded in 0.923s
[38;5;86m[HTTP][0m Could not start REST http interface listener. The requested port may already be in use. Please make sure there is no other instance of this server running already.
[38;5;112m[Appium][0m Could not configure Appium server. It's possible that a driver or plugin tried to update the server and failed. Original error: listen EADDRINUSE: address already in use 127.0.0.1:4723
[38;5;112m[Appium][0m Error: listen EADDRINUSE: address already in use 127.0.0.1:4723
    at Server.setupListenHandle [as _listen2] (node:net:1939:16)
    at listenInCluster (node:net:1996:12)
    at node:net:2205:7
    at processTicksAndRejections (node:internal/process/task_queues:90:21)
]]>
            </message>
            <full-stacktrace>
              <![CDATA[io.appium.java_client.service.local.AppiumServerHasNotBeenStartedLocallyException: Appium HTTP server is not listening at http://127.0.0.1:4723/ after 20000 ms timeout. Consider increasing the server startup timeout value and check the server log for possible error messages occurrences.
Node.js executable path: /usr/local/bin/node
Arguments: [/usr/local/lib/node_modules/appium/build/lib/main.js, --port, 4723, --address, 127.0.0.1]
Server log: [38;5;112m[Appium][0m Welcome to Appium v2.19.0
[38;5;112m[Appium][0m Non-default server args:
[38;5;112m[Appium][0m { address: [32m'127.0.0.1'[39m }
[38;5;112m[Appium][0m The autodetected Appium home path: /Users/administrator/.appium
[38;5;112m[Appium][0m Attempting to load driver uiautomator2...
[38;5;112m[Appium][0m Attempting to load driver xcuitest...
[38;5;112m[Appium][0m Requiring driver at /Users/administrator/.appium/node_modules/appium-xcuitest-driver/build/index.js
[38;5;112m[Appium][0m Requiring driver at /Users/administrator/.appium/node_modules/appium-uiautomator2-driver/build/index.js
[38;5;112m[Appium][0m XCUITestDriver has been successfully loaded in 0.491s
[38;5;112m[Appium][0m AndroidUiautomator2Driver has been successfully loaded in 0.923s
[38;5;86m[HTTP][0m Could not start REST http interface listener. The requested port may already be in use. Please make sure there is no other instance of this server running already.
[38;5;112m[Appium][0m Could not configure Appium server. It's possible that a driver or plugin tried to update the server and failed. Original error: listen EADDRINUSE: address already in use 127.0.0.1:4723
[38;5;112m[Appium][0m Error: listen EADDRINUSE: address already in use 127.0.0.1:4723
    at Server.setupListenHandle [as _listen2] (node:net:1939:16)
    at listenInCluster (node:net:1996:12)
    at node:net:2205:7
    at processTicksAndRejections (node:internal/process/task_queues:90:21)

at io.appium.java_client.service.local.AppiumDriverLocalService.start(AppiumDriverLocalService.java:192)
at org.latiffsyed.core.utils.AppiumUtils.startAppiumServer(AppiumUtils.java:35)
at org.latiffsyed.testUtils.AndroidBaseTest.configureAppium(AndroidBaseTest.java:52)
at java.base/jdk.internal.reflect.DirectMethodHandleAccessor.invoke(DirectMethodHandleAccessor.java:103)
at java.base/java.lang.reflect.Method.invoke(Method.java:580)
at org.testng.internal.invokers.MethodInvocationHelper.invokeMethod(MethodInvocationHelper.java:141)
at org.testng.internal.invokers.MethodInvocationHelper.invokeMethodConsideringTimeout(MethodInvocationHelper.java:71)
at org.testng.internal.invokers.ConfigInvoker.invokeConfigurationMethod(ConfigInvoker.java:400)
at org.testng.internal.invokers.ConfigInvoker.invokeConfigurations(ConfigInvoker.java:333)
at org.testng.internal.invokers.TestMethodWorker.invokeBeforeClassMethods(TestMethodWorker.java:188)
at org.testng.internal.invokers.TestMethodWorker.run(TestMethodWorker.java:128)
at java.base/java.util.ArrayList.forEach(ArrayList.java:1596)
at org.testng.TestRunner.privateRun(TestRunner.java:739)
at org.testng.TestRunner.run(TestRunner.java:614)
at org.testng.SuiteRunner.runTest(SuiteRunner.java:421)
at org.testng.SuiteRunner$SuiteWorker.run(SuiteRunner.java:463)
at org.testng.internal.thread.ThreadUtil.lambda$execute$0(ThreadUtil.java:64)
at java.base/java.util.concurrent.FutureTask.run(FutureTask.java:317)
at java.base/java.util.concurrent.ThreadPoolExecutor.runWorker(ThreadPoolExecutor.java:1144)
at java.base/java.util.concurrent.ThreadPoolExecutor$Worker.run(ThreadPoolExecutor.java:642)
at java.base/java.lang.Thread.run(Thread.java:1583)
Caused by: io.appium.java_client.service.local.AppiumServerAvailabilityChecker$ConnectionTimeout: ConnectionTimeout
at io.appium.java_client.service.local.AppiumServerAvailabilityChecker.waitUntilAvailable(AppiumServerAvailabilityChecker.java:72)
at io.appium.java_client.service.local.AppiumDriverLocalService.ping(AppiumDriverLocalService.java:144)
at io.appium.java_client.service.local.AppiumDriverLocalService.start(AppiumDriverLocalService.java:185)
... 20 more
Caused by: java.net.ConnectException: Connection refused
at java.base/sun.nio.ch.Net.pollConnect(Native Method)
at java.base/sun.nio.ch.Net.pollConnectNow(Net.java:682)
at java.base/sun.nio.ch.NioSocketImpl.timedFinishConnect(NioSocketImpl.java:549)
at java.base/sun.nio.ch.NioSocketImpl.connect(NioSocketImpl.java:592)
at java.base/java.net.Socket.connect(Socket.java:751)
at java.base/sun.net.NetworkClient.doConnect(NetworkClient.java:178)
at java.base/sun.net.www.http.HttpClient.openServer(HttpClient.java:531)
at java.base/sun.net.www.http.HttpClient.openServer(HttpClient.java:636)
at java.base/sun.net.www.http.HttpClient.<init>(HttpClient.java:280)
at java.base/sun.net.www.http.HttpClient.New(HttpClient.java:386)
at java.base/sun.net.www.http.HttpClient.New(HttpClient.java:408)
at java.base/sun.net.www.protocol.http.HttpURLConnection.getNewHttpClient(HttpURLConnection.java:1319)
at java.base/sun.net.www.protocol.http.HttpURLConnection.plainConnect0(HttpURLConnection.java:1252)
at java.base/sun.net.www.protocol.http.HttpURLConnection.plainConnect(HttpURLConnection.java:1138)
at java.base/sun.net.www.protocol.http.HttpURLConnection.connect(HttpURLConnection.java:1067)
at io.appium.java_client.service.local.AppiumServerAvailabilityChecker.connectToUrl(AppiumServerAvailabilityChecker.java:79)
at io.appium.java_client.service.local.AppiumServerAvailabilityChecker.waitUntilAvailable(AppiumServerAvailabilityChecker.java:61)
... 22 more
]]>
            </full-stacktrace>
          </exception> <!-- io.appium.java_client.service.local.AppiumServerHasNotBeenStartedLocallyException -->
          <reporter-output>
          </reporter-output>
        </test-method> <!-- configureAppium -->
        <test-method is-config="true" signature="preSetup()[pri:0, instance:org.latiffsyed.tests.android.PurchaseOrderFlowTest@370c1968]" started-at="2025-07-24T10:53:38 EDT" name="preSetup" finished-at="2025-07-24T10:53:38 EDT" duration-ms="9" status="FAIL">
          <exception class="java.lang.NullPointerException">
            <message>
              <![CDATA[Cannot invoke "org.latiffsyed.pageobjects.android.FormPage.setActivity()" because "this.formPage" is null]]>
            </message>
            <full-stacktrace>
              <![CDATA[java.lang.NullPointerException: Cannot invoke "org.latiffsyed.pageobjects.android.FormPage.setActivity()" because "this.formPage" is null
at org.latiffsyed.tests.android.PurchaseOrderFlowTest.preSetup(PurchaseOrderFlowTest.java:66)
at java.base/jdk.internal.reflect.DirectMethodHandleAccessor.invoke(DirectMethodHandleAccessor.java:103)
at java.base/java.lang.reflect.Method.invoke(Method.java:580)
at org.testng.internal.invokers.MethodInvocationHelper.invokeMethod(MethodInvocationHelper.java:141)
at org.testng.internal.invokers.MethodInvocationHelper.invokeMethodConsideringTimeout(MethodInvocationHelper.java:71)
at org.testng.internal.invokers.ConfigInvoker.invokeConfigurationMethod(ConfigInvoker.java:400)
at org.testng.internal.invokers.ConfigInvoker.invokeConfigurations(ConfigInvoker.java:333)
at org.testng.internal.invokers.TestInvoker.runConfigMethods(TestInvoker.java:833)
at org.testng.internal.invokers.TestInvoker.invokeMethod(TestInvoker.java:600)
at org.testng.internal.invokers.TestInvoker.invokeTestMethod(TestInvoker.java:230)
at org.testng.internal.invokers.MethodRunner.runInSequence(MethodRunner.java:63)
at org.testng.internal.invokers.TestInvoker$MethodInvocationAgent.invoke(TestInvoker.java:992)
at org.testng.internal.invokers.TestInvoker.invokeTestMethods(TestInvoker.java:203)
at org.testng.internal.invokers.TestMethodWorker.invokeTestMethods(TestMethodWorker.java:154)
at org.testng.internal.invokers.TestMethodWorker.run(TestMethodWorker.java:134)
at java.base/java.util.ArrayList.forEach(ArrayList.java:1596)
at org.testng.TestRunner.privateRun(TestRunner.java:739)
at org.testng.TestRunner.run(TestRunner.java:614)
at org.testng.SuiteRunner.runTest(SuiteRunner.java:421)
at org.testng.SuiteRunner$SuiteWorker.run(SuiteRunner.java:463)
at org.testng.internal.thread.ThreadUtil.lambda$execute$0(ThreadUtil.java:64)
at java.base/java.util.concurrent.FutureTask.run(FutureTask.java:317)
at java.base/java.util.concurrent.ThreadPoolExecutor.runWorker(ThreadPoolExecutor.java:1144)
at java.base/java.util.concurrent.ThreadPoolExecutor$Worker.run(ThreadPoolExecutor.java:642)
at java.base/java.lang.Thread.run(Thread.java:1583)
]]>
            </full-stacktrace>
          </exception> <!-- java.lang.NullPointerException -->
          <reporter-output>
          </reporter-output>
        </test-method> <!-- preSetup -->
        <test-method signature="EndToEndOrderFlowTest(java.util.HashMap)[pri:0, instance:org.latiffsyed.tests.android.PurchaseOrderFlowTest@370c1968]" started-at="2025-07-24T10:53:38 EDT" name="EndToEndOrderFlowTest" data-provider="getData" finished-at="2025-07-24T10:53:38 EDT" duration-ms="0" status="SKIP">
          <params>
            <param index="0">
              <value>
                <![CDATA[{gender=Female, name=Nadu Syed, country=Australia}]]>
              </value>
            </param>
          </params>
          <exception class="io.appium.java_client.service.local.AppiumServerHasNotBeenStartedLocallyException">
            <message>
              <![CDATA[Appium HTTP server is not listening at http://127.0.0.1:4723/ after 20000 ms timeout. Consider increasing the server startup timeout value and check the server log for possible error messages occurrences.
Node.js executable path: /usr/local/bin/node
Arguments: [/usr/local/lib/node_modules/appium/build/lib/main.js, --port, 4723, --address, 127.0.0.1]
Server log: [38;5;112m[Appium][0m Welcome to Appium v2.19.0
[38;5;112m[Appium][0m Non-default server args:
[38;5;112m[Appium][0m { address: [32m'127.0.0.1'[39m }
[38;5;112m[Appium][0m The autodetected Appium home path: /Users/administrator/.appium
[38;5;112m[Appium][0m Attempting to load driver uiautomator2...
[38;5;112m[Appium][0m Attempting to load driver xcuitest...
[38;5;112m[Appium][0m Requiring driver at /Users/administrator/.appium/node_modules/appium-xcuitest-driver/build/index.js
[38;5;112m[Appium][0m Requiring driver at /Users/administrator/.appium/node_modules/appium-uiautomator2-driver/build/index.js
[38;5;112m[Appium][0m XCUITestDriver has been successfully loaded in 0.491s
[38;5;112m[Appium][0m AndroidUiautomator2Driver has been successfully loaded in 0.923s
[38;5;86m[HTTP][0m Could not start REST http interface listener. The requested port may already be in use. Please make sure there is no other instance of this server running already.
[38;5;112m[Appium][0m Could not configure Appium server. It's possible that a driver or plugin tried to update the server and failed. Original error: listen EADDRINUSE: address already in use 127.0.0.1:4723
[38;5;112m[Appium][0m Error: listen EADDRINUSE: address already in use 127.0.0.1:4723
    at Server.setupListenHandle [as _listen2] (node:net:1939:16)
    at listenInCluster (node:net:1996:12)
    at node:net:2205:7
    at processTicksAndRejections (node:internal/process/task_queues:90:21)
]]>
            </message>
            <full-stacktrace>
              <![CDATA[io.appium.java_client.service.local.AppiumServerHasNotBeenStartedLocallyException: Appium HTTP server is not listening at http://127.0.0.1:4723/ after 20000 ms timeout. Consider increasing the server startup timeout value and check the server log for possible error messages occurrences.
Node.js executable path: /usr/local/bin/node
Arguments: [/usr/local/lib/node_modules/appium/build/lib/main.js, --port, 4723, --address, 127.0.0.1]
Server log: [38;5;112m[Appium][0m Welcome to Appium v2.19.0
[38;5;112m[Appium][0m Non-default server args:
[38;5;112m[Appium][0m { address: [32m'127.0.0.1'[39m }
[38;5;112m[Appium][0m The autodetected Appium home path: /Users/administrator/.appium
[38;5;112m[Appium][0m Attempting to load driver uiautomator2...
[38;5;112m[Appium][0m Attempting to load driver xcuitest...
[38;5;112m[Appium][0m Requiring driver at /Users/administrator/.appium/node_modules/appium-xcuitest-driver/build/index.js
[38;5;112m[Appium][0m Requiring driver at /Users/administrator/.appium/node_modules/appium-uiautomator2-driver/build/index.js
[38;5;112m[Appium][0m XCUITestDriver has been successfully loaded in 0.491s
[38;5;112m[Appium][0m AndroidUiautomator2Driver has been successfully loaded in 0.923s
[38;5;86m[HTTP][0m Could not start REST http interface listener. The requested port may already be in use. Please make sure there is no other instance of this server running already.
[38;5;112m[Appium][0m Could not configure Appium server. It's possible that a driver or plugin tried to update the server and failed. Original error: listen EADDRINUSE: address already in use 127.0.0.1:4723
[38;5;112m[Appium][0m Error: listen EADDRINUSE: address already in use 127.0.0.1:4723
    at Server.setupListenHandle [as _listen2] (node:net:1939:16)
    at listenInCluster (node:net:1996:12)
    at node:net:2205:7
    at processTicksAndRejections (node:internal/process/task_queues:90:21)

at io.appium.java_client.service.local.AppiumDriverLocalService.start(AppiumDriverLocalService.java:192)
at org.latiffsyed.core.utils.AppiumUtils.startAppiumServer(AppiumUtils.java:35)
at org.latiffsyed.testUtils.AndroidBaseTest.configureAppium(AndroidBaseTest.java:52)
at java.base/jdk.internal.reflect.DirectMethodHandleAccessor.invoke(DirectMethodHandleAccessor.java:103)
at java.base/java.lang.reflect.Method.invoke(Method.java:580)
at org.testng.internal.invokers.MethodInvocationHelper.invokeMethod(MethodInvocationHelper.java:141)
at org.testng.internal.invokers.MethodInvocationHelper.invokeMethodConsideringTimeout(MethodInvocationHelper.java:71)
at org.testng.internal.invokers.ConfigInvoker.invokeConfigurationMethod(ConfigInvoker.java:400)
at org.testng.internal.invokers.ConfigInvoker.invokeConfigurations(ConfigInvoker.java:333)
at org.testng.internal.invokers.TestMethodWorker.invokeBeforeClassMethods(TestMethodWorker.java:188)
at org.testng.internal.invokers.TestMethodWorker.run(TestMethodWorker.java:128)
at java.base/java.util.ArrayList.forEach(ArrayList.java:1596)
at org.testng.TestRunner.privateRun(TestRunner.java:739)
at org.testng.TestRunner.run(TestRunner.java:614)
at org.testng.SuiteRunner.runTest(SuiteRunner.java:421)
at org.testng.SuiteRunner$SuiteWorker.run(SuiteRunner.java:463)
at org.testng.internal.thread.ThreadUtil.lambda$execute$0(ThreadUtil.java:64)
at java.base/java.util.concurrent.FutureTask.run(FutureTask.java:317)
at java.base/java.util.concurrent.ThreadPoolExecutor.runWorker(ThreadPoolExecutor.java:1144)
at java.base/java.util.concurrent.ThreadPoolExecutor$Worker.run(ThreadPoolExecutor.java:642)
at java.base/java.lang.Thread.run(Thread.java:1583)
Caused by: io.appium.java_client.service.local.AppiumServerAvailabilityChecker$ConnectionTimeout: ConnectionTimeout
at io.appium.java_client.service.local.AppiumServerAvailabilityChecker.waitUntilAvailable(AppiumServerAvailabilityChecker.java:72)
at io.appium.java_client.service.local.AppiumDriverLocalService.ping(AppiumDriverLocalService.java:144)
at io.appium.java_client.service.local.AppiumDriverLocalService.start(AppiumDriverLocalService.java:185)
... 20 more
Caused by: java.net.ConnectException: Connection refused
at java.base/sun.nio.ch.Net.pollConnect(Native Method)
at java.base/sun.nio.ch.Net.pollConnectNow(Net.java:682)
at java.base/sun.nio.ch.NioSocketImpl.timedFinishConnect(NioSocketImpl.java:549)
at java.base/sun.nio.ch.NioSocketImpl.connect(NioSocketImpl.java:592)
at java.base/java.net.Socket.connect(Socket.java:751)
at java.base/sun.net.NetworkClient.doConnect(NetworkClient.java:178)
at java.base/sun.net.www.http.HttpClient.openServer(HttpClient.java:531)
at java.base/sun.net.www.http.HttpClient.openServer(HttpClient.java:636)
at java.base/sun.net.www.http.HttpClient.<init>(HttpClient.java:280)
at java.base/sun.net.www.http.HttpClient.New(HttpClient.java:386)
at java.base/sun.net.www.http.HttpClient.New(HttpClient.java:408)
at java.base/sun.net.www.protocol.http.HttpURLConnection.getNewHttpClient(HttpURLConnection.java:1319)
at java.base/sun.net.www.protocol.http.HttpURLConnection.plainConnect0(HttpURLConnection.java:1252)
at java.base/sun.net.www.protocol.http.HttpURLConnection.plainConnect(HttpURLConnection.java:1138)
at java.base/sun.net.www.protocol.http.HttpURLConnection.connect(HttpURLConnection.java:1067)
at io.appium.java_client.service.local.AppiumServerAvailabilityChecker.connectToUrl(AppiumServerAvailabilityChecker.java:79)
at io.appium.java_client.service.local.AppiumServerAvailabilityChecker.waitUntilAvailable(AppiumServerAvailabilityChecker.java:61)
... 22 more
]]>
            </full-stacktrace>
          </exception> <!-- io.appium.java_client.service.local.AppiumServerHasNotBeenStartedLocallyException -->
          <reporter-output>
          </reporter-output>
        </test-method> <!-- EndToEndOrderFlowTest -->
        <test-method is-config="true" signature="tearDown()[pri:0, instance:org.latiffsyed.tests.android.PurchaseOrderFlowTest@370c1968]" started-at="2025-07-24T10:53:38 EDT" name="tearDown" finished-at="2025-07-24T10:53:38 EDT" duration-ms="9" status="FAIL">
          <exception class="java.lang.NullPointerException">
            <message>
              <![CDATA[Cannot invoke "io.appium.java_client.android.AndroidDriver.quit()" because "this.driver" is null]]>
            </message>
            <full-stacktrace>
              <![CDATA[java.lang.NullPointerException: Cannot invoke "io.appium.java_client.android.AndroidDriver.quit()" because "this.driver" is null
at org.latiffsyed.testUtils.AndroidBaseTest.tearDown(AndroidBaseTest.java:72)
at java.base/jdk.internal.reflect.DirectMethodHandleAccessor.invoke(DirectMethodHandleAccessor.java:103)
at java.base/java.lang.reflect.Method.invoke(Method.java:580)
at org.testng.internal.invokers.MethodInvocationHelper.invokeMethod(MethodInvocationHelper.java:141)
at org.testng.internal.invokers.MethodInvocationHelper.invokeMethodConsideringTimeout(MethodInvocationHelper.java:71)
at org.testng.internal.invokers.ConfigInvoker.invokeConfigurationMethod(ConfigInvoker.java:400)
at org.testng.internal.invokers.ConfigInvoker.invokeConfigurations(ConfigInvoker.java:333)
at org.testng.internal.invokers.TestMethodWorker.invokeAfterClassConfigurations(TestMethodWorker.java:238)
at org.testng.internal.invokers.TestMethodWorker.invokeAfterClassMethods(TestMethodWorker.java:223)
at org.testng.internal.invokers.TestMethodWorker.run(TestMethodWorker.java:137)
at java.base/java.util.ArrayList.forEach(ArrayList.java:1596)
at org.testng.TestRunner.privateRun(TestRunner.java:739)
at org.testng.TestRunner.run(TestRunner.java:614)
at org.testng.SuiteRunner.runTest(SuiteRunner.java:421)
at org.testng.SuiteRunner$SuiteWorker.run(SuiteRunner.java:463)
at org.testng.internal.thread.ThreadUtil.lambda$execute$0(ThreadUtil.java:64)
at java.base/java.util.concurrent.FutureTask.run(FutureTask.java:317)
at java.base/java.util.concurrent.ThreadPoolExecutor.runWorker(ThreadPoolExecutor.java:1144)
at java.base/java.util.concurrent.ThreadPoolExecutor$Worker.run(ThreadPoolExecutor.java:642)
at java.base/java.lang.Thread.run(Thread.java:1583)
]]>
            </full-stacktrace>
          </exception> <!-- java.lang.NullPointerException -->
          <reporter-output>
          </reporter-output>
        </test-method> <!-- tearDown -->
      </class> <!-- org.latiffsyed.tests.android.PurchaseOrderFlowTest -->
    </test> <!-- E2E Purchase Flow Test-2 -->
    <test started-at="2025-07-24T10:53:39 EDT" name="Login Negative and Positive Tests-2" finished-at="2025-07-24T10:53:41 EDT" duration-ms="2792">
      <class name="org.latiffsyed.tests.android.LoginFormValidationTest">
        <test-method is-config="true" signature="configureAppium()[pri:0, instance:org.latiffsyed.tests.android.LoginFormValidationTest@4a37191a]" started-at="2025-07-24T10:53:39 EDT" name="configureAppium" finished-at="2025-07-24T10:53:40 EDT" duration-ms="1358" status="FAIL">
          <exception class="java.net.MalformedURLException">
            <message>
              <![CDATA[no protocol: ]]>
            </message>
            <full-stacktrace>
              <![CDATA[java.net.MalformedURLException: no protocol: 
at java.base/java.net.URL.<init>(URL.java:772)
at java.base/java.net.URL.<init>(URL.java:654)
at java.base/java.net.URL.<init>(URL.java:590)
at org.openqa.selenium.remote.RemoteWebDriver.<init>(RemoteWebDriver.java)
at io.appium.java_client.AppiumDriver.<init>(AppiumDriver.java:101)
at io.appium.java_client.AppiumDriver.<init>(AppiumDriver.java:113)
at io.appium.java_client.android.AndroidDriver.<init>(AndroidDriver.java:109)
at org.latiffsyed.testUtils.AndroidBaseTest.configureAppium(AndroidBaseTest.java:61)
at java.base/jdk.internal.reflect.DirectMethodHandleAccessor.invoke(DirectMethodHandleAccessor.java:103)
at java.base/java.lang.reflect.Method.invoke(Method.java:580)
at org.testng.internal.invokers.MethodInvocationHelper.invokeMethod(MethodInvocationHelper.java:141)
at org.testng.internal.invokers.MethodInvocationHelper.invokeMethodConsideringTimeout(MethodInvocationHelper.java:71)
at org.testng.internal.invokers.ConfigInvoker.invokeConfigurationMethod(ConfigInvoker.java:400)
at org.testng.internal.invokers.ConfigInvoker.invokeConfigurations(ConfigInvoker.java:333)
at org.testng.internal.invokers.TestMethodWorker.invokeBeforeClassMethods(TestMethodWorker.java:188)
at org.testng.internal.invokers.TestMethodWorker.run(TestMethodWorker.java:128)
at java.base/java.util.ArrayList.forEach(ArrayList.java:1596)
at org.testng.TestRunner.privateRun(TestRunner.java:739)
at org.testng.TestRunner.run(TestRunner.java:614)
at org.testng.SuiteRunner.runTest(SuiteRunner.java:421)
at org.testng.SuiteRunner$SuiteWorker.run(SuiteRunner.java:463)
at org.testng.internal.thread.ThreadUtil.lambda$execute$0(ThreadUtil.java:64)
at java.base/java.util.concurrent.FutureTask.run(FutureTask.java:317)
at java.base/java.util.concurrent.ThreadPoolExecutor.runWorker(ThreadPoolExecutor.java:1144)
at java.base/java.util.concurrent.ThreadPoolExecutor$Worker.run(ThreadPoolExecutor.java:642)
at java.base/java.lang.Thread.run(Thread.java:1583)
]]>
            </full-stacktrace>
          </exception> <!-- java.net.MalformedURLException -->
          <reporter-output>
          </reporter-output>
        </test-method> <!-- configureAppium -->
        <test-method is-config="true" signature="preSetup()[pri:0, instance:org.latiffsyed.tests.android.LoginFormValidationTest@4a37191a]" started-at="2025-07-24T10:53:40 EDT" name="preSetup" finished-at="2025-07-24T10:53:40 EDT" duration-ms="0" status="SKIP">
          <reporter-output>
          </reporter-output>
        </test-method> <!-- preSetup -->
        <test-method signature="FormLogin_ErrorValidationFailedTest()[pri:0, instance:org.latiffsyed.tests.android.LoginFormValidationTest@4a37191a]" started-at="2025-07-24T10:53:40 EDT" name="FormLogin_ErrorValidationFailedTest" finished-at="2025-07-24T10:53:40 EDT" duration-ms="0" status="SKIP">
          <exception class="java.net.MalformedURLException">
            <message>
              <![CDATA[no protocol: ]]>
            </message>
            <full-stacktrace>
              <![CDATA[java.net.MalformedURLException: no protocol: 
at java.base/java.net.URL.<init>(URL.java:772)
at java.base/java.net.URL.<init>(URL.java:654)
at java.base/java.net.URL.<init>(URL.java:590)
at org.openqa.selenium.remote.RemoteWebDriver.<init>(RemoteWebDriver.java)
at io.appium.java_client.AppiumDriver.<init>(AppiumDriver.java:101)
at io.appium.java_client.AppiumDriver.<init>(AppiumDriver.java:113)
at io.appium.java_client.android.AndroidDriver.<init>(AndroidDriver.java:109)
at org.latiffsyed.testUtils.AndroidBaseTest.configureAppium(AndroidBaseTest.java:61)
at java.base/jdk.internal.reflect.DirectMethodHandleAccessor.invoke(DirectMethodHandleAccessor.java:103)
at java.base/java.lang.reflect.Method.invoke(Method.java:580)
at org.testng.internal.invokers.MethodInvocationHelper.invokeMethod(MethodInvocationHelper.java:141)
at org.testng.internal.invokers.MethodInvocationHelper.invokeMethodConsideringTimeout(MethodInvocationHelper.java:71)
at org.testng.internal.invokers.ConfigInvoker.invokeConfigurationMethod(ConfigInvoker.java:400)
at org.testng.internal.invokers.ConfigInvoker.invokeConfigurations(ConfigInvoker.java:333)
at org.testng.internal.invokers.TestMethodWorker.invokeBeforeClassMethods(TestMethodWorker.java:188)
at org.testng.internal.invokers.TestMethodWorker.run(TestMethodWorker.java:128)
at java.base/java.util.ArrayList.forEach(ArrayList.java:1596)
at org.testng.TestRunner.privateRun(TestRunner.java:739)
at org.testng.TestRunner.run(TestRunner.java:614)
at org.testng.SuiteRunner.runTest(SuiteRunner.java:421)
at org.testng.SuiteRunner$SuiteWorker.run(SuiteRunner.java:463)
at org.testng.internal.thread.ThreadUtil.lambda$execute$0(ThreadUtil.java:64)
at java.base/java.util.concurrent.FutureTask.run(FutureTask.java:317)
at java.base/java.util.concurrent.ThreadPoolExecutor.runWorker(ThreadPoolExecutor.java:1144)
at java.base/java.util.concurrent.ThreadPoolExecutor$Worker.run(ThreadPoolExecutor.java:642)
at java.base/java.lang.Thread.run(Thread.java:1583)
]]>
            </full-stacktrace>
          </exception> <!-- java.net.MalformedURLException -->
          <reporter-output>
          </reporter-output>
        </test-method> <!-- FormLogin_ErrorValidationFailedTest -->
        <test-method is-config="true" signature="preSetup()[pri:0, instance:org.latiffsyed.tests.android.LoginFormValidationTest@4a37191a]" started-at="2025-07-24T10:53:41 EDT" name="preSetup" finished-at="2025-07-24T10:53:41 EDT" duration-ms="0" status="SKIP">
          <reporter-output>
          </reporter-output>
        </test-method> <!-- preSetup -->
        <test-method signature="FormLogin_ErrorValidationTest()[pri:0, instance:org.latiffsyed.tests.android.LoginFormValidationTest@4a37191a]" started-at="2025-07-24T10:53:41 EDT" name="FormLogin_ErrorValidationTest" finished-at="2025-07-24T10:53:41 EDT" duration-ms="0" status="SKIP">
          <exception class="java.net.MalformedURLException">
            <message>
              <![CDATA[no protocol: ]]>
            </message>
            <full-stacktrace>
              <![CDATA[java.net.MalformedURLException: no protocol: 
at java.base/java.net.URL.<init>(URL.java:772)
at java.base/java.net.URL.<init>(URL.java:654)
at java.base/java.net.URL.<init>(URL.java:590)
at org.openqa.selenium.remote.RemoteWebDriver.<init>(RemoteWebDriver.java)
at io.appium.java_client.AppiumDriver.<init>(AppiumDriver.java:101)
at io.appium.java_client.AppiumDriver.<init>(AppiumDriver.java:113)
at io.appium.java_client.android.AndroidDriver.<init>(AndroidDriver.java:109)
at org.latiffsyed.testUtils.AndroidBaseTest.configureAppium(AndroidBaseTest.java:61)
at java.base/jdk.internal.reflect.DirectMethodHandleAccessor.invoke(DirectMethodHandleAccessor.java:103)
at java.base/java.lang.reflect.Method.invoke(Method.java:580)
at org.testng.internal.invokers.MethodInvocationHelper.invokeMethod(MethodInvocationHelper.java:141)
at org.testng.internal.invokers.MethodInvocationHelper.invokeMethodConsideringTimeout(MethodInvocationHelper.java:71)
at org.testng.internal.invokers.ConfigInvoker.invokeConfigurationMethod(ConfigInvoker.java:400)
at org.testng.internal.invokers.ConfigInvoker.invokeConfigurations(ConfigInvoker.java:333)
at org.testng.internal.invokers.TestMethodWorker.invokeBeforeClassMethods(TestMethodWorker.java:188)
at org.testng.internal.invokers.TestMethodWorker.run(TestMethodWorker.java:128)
at java.base/java.util.ArrayList.forEach(ArrayList.java:1596)
at org.testng.TestRunner.privateRun(TestRunner.java:739)
at org.testng.TestRunner.run(TestRunner.java:614)
at org.testng.SuiteRunner.runTest(SuiteRunner.java:421)
at org.testng.SuiteRunner$SuiteWorker.run(SuiteRunner.java:463)
at org.testng.internal.thread.ThreadUtil.lambda$execute$0(ThreadUtil.java:64)
at java.base/java.util.concurrent.FutureTask.run(FutureTask.java:317)
at java.base/java.util.concurrent.ThreadPoolExecutor.runWorker(ThreadPoolExecutor.java:1144)
at java.base/java.util.concurrent.ThreadPoolExecutor$Worker.run(ThreadPoolExecutor.java:642)
at java.base/java.lang.Thread.run(Thread.java:1583)
]]>
            </full-stacktrace>
          </exception> <!-- java.net.MalformedURLException -->
          <reporter-output>
          </reporter-output>
        </test-method> <!-- FormLogin_ErrorValidationTest -->
        <test-method is-config="true" signature="preSetup()[pri:0, instance:org.latiffsyed.tests.android.LoginFormValidationTest@4a37191a]" started-at="2025-07-24T10:53:41 EDT" name="preSetup" finished-at="2025-07-24T10:53:41 EDT" duration-ms="0" status="SKIP">
          <reporter-output>
          </reporter-output>
        </test-method> <!-- preSetup -->
        <test-method signature="FormLogin_PositiveFlowTest()[pri:0, instance:org.latiffsyed.tests.android.LoginFormValidationTest@4a37191a]" started-at="2025-07-24T10:53:41 EDT" name="FormLogin_PositiveFlowTest" finished-at="2025-07-24T10:53:41 EDT" duration-ms="0" status="SKIP">
          <exception class="java.net.MalformedURLException">
            <message>
              <![CDATA[no protocol: ]]>
            </message>
            <full-stacktrace>
              <![CDATA[java.net.MalformedURLException: no protocol: 
at java.base/java.net.URL.<init>(URL.java:772)
at java.base/java.net.URL.<init>(URL.java:654)
at java.base/java.net.URL.<init>(URL.java:590)
at org.openqa.selenium.remote.RemoteWebDriver.<init>(RemoteWebDriver.java)
at io.appium.java_client.AppiumDriver.<init>(AppiumDriver.java:101)
at io.appium.java_client.AppiumDriver.<init>(AppiumDriver.java:113)
at io.appium.java_client.android.AndroidDriver.<init>(AndroidDriver.java:109)
at org.latiffsyed.testUtils.AndroidBaseTest.configureAppium(AndroidBaseTest.java:61)
at java.base/jdk.internal.reflect.DirectMethodHandleAccessor.invoke(DirectMethodHandleAccessor.java:103)
at java.base/java.lang.reflect.Method.invoke(Method.java:580)
at org.testng.internal.invokers.MethodInvocationHelper.invokeMethod(MethodInvocationHelper.java:141)
at org.testng.internal.invokers.MethodInvocationHelper.invokeMethodConsideringTimeout(MethodInvocationHelper.java:71)
at org.testng.internal.invokers.ConfigInvoker.invokeConfigurationMethod(ConfigInvoker.java:400)
at org.testng.internal.invokers.ConfigInvoker.invokeConfigurations(ConfigInvoker.java:333)
at org.testng.internal.invokers.TestMethodWorker.invokeBeforeClassMethods(TestMethodWorker.java:188)
at org.testng.internal.invokers.TestMethodWorker.run(TestMethodWorker.java:128)
at java.base/java.util.ArrayList.forEach(ArrayList.java:1596)
at org.testng.TestRunner.privateRun(TestRunner.java:739)
at org.testng.TestRunner.run(TestRunner.java:614)
at org.testng.SuiteRunner.runTest(SuiteRunner.java:421)
at org.testng.SuiteRunner$SuiteWorker.run(SuiteRunner.java:463)
at org.testng.internal.thread.ThreadUtil.lambda$execute$0(ThreadUtil.java:64)
at java.base/java.util.concurrent.FutureTask.run(FutureTask.java:317)
at java.base/java.util.concurrent.ThreadPoolExecutor.runWorker(ThreadPoolExecutor.java:1144)
at java.base/java.util.concurrent.ThreadPoolExecutor$Worker.run(ThreadPoolExecutor.java:642)
at java.base/java.lang.Thread.run(Thread.java:1583)
]]>
            </full-stacktrace>
          </exception> <!-- java.net.MalformedURLException -->
          <reporter-output>
          </reporter-output>
        </test-method> <!-- FormLogin_PositiveFlowTest -->
        <test-method is-config="true" signature="tearDown()[pri:0, instance:org.latiffsyed.tests.android.LoginFormValidationTest@4a37191a]" started-at="2025-07-24T10:53:41 EDT" name="tearDown" finished-at="2025-07-24T10:53:41 EDT" duration-ms="8" status="FAIL">
          <exception class="java.lang.NullPointerException">
            <message>
              <![CDATA[Cannot invoke "io.appium.java_client.android.AndroidDriver.quit()" because "this.driver" is null]]>
            </message>
            <full-stacktrace>
              <![CDATA[java.lang.NullPointerException: Cannot invoke "io.appium.java_client.android.AndroidDriver.quit()" because "this.driver" is null
at org.latiffsyed.testUtils.AndroidBaseTest.tearDown(AndroidBaseTest.java:72)
at java.base/jdk.internal.reflect.DirectMethodHandleAccessor.invoke(DirectMethodHandleAccessor.java:103)
at java.base/java.lang.reflect.Method.invoke(Method.java:580)
at org.testng.internal.invokers.MethodInvocationHelper.invokeMethod(MethodInvocationHelper.java:141)
at org.testng.internal.invokers.MethodInvocationHelper.invokeMethodConsideringTimeout(MethodInvocationHelper.java:71)
at org.testng.internal.invokers.ConfigInvoker.invokeConfigurationMethod(ConfigInvoker.java:400)
at org.testng.internal.invokers.ConfigInvoker.invokeConfigurations(ConfigInvoker.java:333)
at org.testng.internal.invokers.TestMethodWorker.invokeAfterClassConfigurations(TestMethodWorker.java:238)
at org.testng.internal.invokers.TestMethodWorker.invokeAfterClassMethods(TestMethodWorker.java:223)
at org.testng.internal.invokers.TestMethodWorker.run(TestMethodWorker.java:137)
at java.base/java.util.ArrayList.forEach(ArrayList.java:1596)
at org.testng.TestRunner.privateRun(TestRunner.java:739)
at org.testng.TestRunner.run(TestRunner.java:614)
at org.testng.SuiteRunner.runTest(SuiteRunner.java:421)
at org.testng.SuiteRunner$SuiteWorker.run(SuiteRunner.java:463)
at org.testng.internal.thread.ThreadUtil.lambda$execute$0(ThreadUtil.java:64)
at java.base/java.util.concurrent.FutureTask.run(FutureTask.java:317)
at java.base/java.util.concurrent.ThreadPoolExecutor.runWorker(ThreadPoolExecutor.java:1144)
at java.base/java.util.concurrent.ThreadPoolExecutor$Worker.run(ThreadPoolExecutor.java:642)
at java.base/java.lang.Thread.run(Thread.java:1583)
]]>
            </full-stacktrace>
          </exception> <!-- java.lang.NullPointerException -->
          <reporter-output>
          </reporter-output>
        </test-method> <!-- tearDown -->
      </class> <!-- org.latiffsyed.tests.android.LoginFormValidationTest -->
    </test> <!-- Login Negative and Positive Tests-2 -->
    <test started-at="2025-07-24T10:53:39 EDT" name="Login Negative and Positive Tests-0" finished-at="2025-07-24T10:53:41 EDT" duration-ms="2823">
      <class name="org.latiffsyed.tests.android.LoginFormValidationTest">
        <test-method is-config="true" signature="configureAppium()[pri:0, instance:org.latiffsyed.tests.android.LoginFormValidationTest@67de7a99]" started-at="2025-07-24T10:53:39 EDT" name="configureAppium" finished-at="2025-07-24T10:53:40 EDT" duration-ms="1380" status="FAIL">
          <exception class="java.net.MalformedURLException">
            <message>
              <![CDATA[no protocol: ]]>
            </message>
            <full-stacktrace>
              <![CDATA[java.net.MalformedURLException: no protocol: 
at java.base/java.net.URL.<init>(URL.java:772)
at java.base/java.net.URL.<init>(URL.java:654)
at java.base/java.net.URL.<init>(URL.java:590)
at org.openqa.selenium.remote.RemoteWebDriver.<init>(RemoteWebDriver.java)
at io.appium.java_client.AppiumDriver.<init>(AppiumDriver.java:101)
at io.appium.java_client.AppiumDriver.<init>(AppiumDriver.java:113)
at io.appium.java_client.android.AndroidDriver.<init>(AndroidDriver.java:109)
at org.latiffsyed.testUtils.AndroidBaseTest.configureAppium(AndroidBaseTest.java:61)
at java.base/jdk.internal.reflect.DirectMethodHandleAccessor.invoke(DirectMethodHandleAccessor.java:103)
at java.base/java.lang.reflect.Method.invoke(Method.java:580)
at org.testng.internal.invokers.MethodInvocationHelper.invokeMethod(MethodInvocationHelper.java:141)
at org.testng.internal.invokers.MethodInvocationHelper.invokeMethodConsideringTimeout(MethodInvocationHelper.java:71)
at org.testng.internal.invokers.ConfigInvoker.invokeConfigurationMethod(ConfigInvoker.java:400)
at org.testng.internal.invokers.ConfigInvoker.invokeConfigurations(ConfigInvoker.java:333)
at org.testng.internal.invokers.TestMethodWorker.invokeBeforeClassMethods(TestMethodWorker.java:188)
at org.testng.internal.invokers.TestMethodWorker.run(TestMethodWorker.java:128)
at java.base/java.util.ArrayList.forEach(ArrayList.java:1596)
at org.testng.TestRunner.privateRun(TestRunner.java:739)
at org.testng.TestRunner.run(TestRunner.java:614)
at org.testng.SuiteRunner.runTest(SuiteRunner.java:421)
at org.testng.SuiteRunner$SuiteWorker.run(SuiteRunner.java:463)
at org.testng.internal.thread.ThreadUtil.lambda$execute$0(ThreadUtil.java:64)
at java.base/java.util.concurrent.FutureTask.run(FutureTask.java:317)
at java.base/java.util.concurrent.ThreadPoolExecutor.runWorker(ThreadPoolExecutor.java:1144)
at java.base/java.util.concurrent.ThreadPoolExecutor$Worker.run(ThreadPoolExecutor.java:642)
at java.base/java.lang.Thread.run(Thread.java:1583)
]]>
            </full-stacktrace>
          </exception> <!-- java.net.MalformedURLException -->
[...]
at org.testng.internal.invokers.TestMethodWorker.invokeBeforeClassMethods(TestMethodWorker.java:188)
at org.testng.internal.invokers.TestMethodWorker.run(TestMethodWorker.java:128)
at java.base/java.util.ArrayList.forEach(ArrayList.java:1596)
at org.testng.TestRunner.privateRun(TestRunner.java:739)
at org.testng.TestRunner.run(TestRunner.java:614)
at org.testng.SuiteRunner.runTest(SuiteRunner.java:421)
at org.testng.SuiteRunner$SuiteWorker.run(SuiteRunner.java:463)
at org.testng.internal.thread.ThreadUtil.lambda$execute$0(ThreadUtil.java:64)
at java.base/java.util.concurrent.FutureTask.run(FutureTask.java:317)
at java.base/java.util.concurrent.ThreadPoolExecutor.runWorker(ThreadPoolExecutor.java:1144)
at java.base/java.util.concurrent.ThreadPoolExecutor$Worker.run(ThreadPoolExecutor.java:642)
at java.base/java.lang.Thread.run(Thread.java:1583)
]]>
            </full-stacktrace>
          </exception> <!-- java.net.MalformedURLException -->
          <reporter-output>
          </reporter-output>
        </test-method> <!-- ValidateiOSAlertMessageTest -->
        <test-method is-config="true" signature="tearDown()[pri:0, instance:org.latiffsyed.tests.iOS.AlertViewMessageValidationTest@18f55704]" started-at="2025-07-24T10:53:42 EDT" name="tearDown" finished-at="2025-07-24T10:53:42 EDT" duration-ms="6" status="FAIL">
          <exception class="java.lang.NullPointerException">
            <message>
              <![CDATA[Cannot invoke "io.appium.java_client.ios.IOSDriver.quit()" because "this.driver" is null]]>
            </message>
            <full-stacktrace>
              <![CDATA[java.lang.NullPointerException: Cannot invoke "io.appium.java_client.ios.IOSDriver.quit()" because "this.driver" is null
at org.latiffsyed.testUtils.IOSBaseTest.tearDown(IOSBaseTest.java:71)
at java.base/jdk.internal.reflect.DirectMethodHandleAccessor.invoke(DirectMethodHandleAccessor.java:103)
at java.base/java.lang.reflect.Method.invoke(Method.java:580)
at org.testng.internal.invokers.MethodInvocationHelper.invokeMethod(MethodInvocationHelper.java:141)
at org.testng.internal.invokers.MethodInvocationHelper.invokeMethodConsideringTimeout(MethodInvocationHelper.java:71)
at org.testng.internal.invokers.ConfigInvoker.invokeConfigurationMethod(ConfigInvoker.java:400)
at org.testng.internal.invokers.ConfigInvoker.invokeConfigurations(ConfigInvoker.java:333)
at org.testng.internal.invokers.TestMethodWorker.invokeAfterClassConfigurations(TestMethodWorker.java:238)
at org.testng.internal.invokers.TestMethodWorker.invokeAfterClassMethods(TestMethodWorker.java:223)
at org.testng.internal.invokers.TestMethodWorker.run(TestMethodWorker.java:137)
at java.base/java.util.ArrayList.forEach(ArrayList.java:1596)
at org.testng.TestRunner.privateRun(TestRunner.java:739)
at org.testng.TestRunner.run(TestRunner.java:614)
at org.testng.SuiteRunner.runTest(SuiteRunner.java:421)
at org.testng.SuiteRunner$SuiteWorker.run(SuiteRunner.java:463)
at org.testng.internal.thread.ThreadUtil.lambda$execute$0(ThreadUtil.java:64)
at java.base/java.util.concurrent.FutureTask.run(FutureTask.java:317)
at java.base/java.util.concurrent.ThreadPoolExecutor.runWorker(ThreadPoolExecutor.java:1144)
at java.base/java.util.concurrent.ThreadPoolExecutor$Worker.run(ThreadPoolExecutor.java:642)
at java.base/java.lang.Thread.run(Thread.java:1583)
]]>
            </full-stacktrace>
          </exception> <!-- java.lang.NullPointerException -->
          <reporter-output>
          </reporter-output>
        </test-method> <!-- tearDown -->
      </class> <!-- org.latiffsyed.tests.iOS.AlertViewMessageValidationTest -->
    </test> <!--  iOS Alert Handling Test-1 -->
    <test started-at="2025-07-24T10:53:41 EDT" name=" iOS Alert Handling Test-0" finished-at="2025-07-24T10:53:42 EDT" duration-ms="562">
      <class name="org.latiffsyed.tests.iOS.AlertViewMessageValidationTest">
        <test-method is-config="true" signature="configureAppium()[pri:0, instance:org.latiffsyed.tests.iOS.AlertViewMessageValidationTest@24eb65e3]" started-at="2025-07-24T10:53:41 EDT" name="configureAppium" finished-at="2025-07-24T10:53:42 EDT" duration-ms="30" status="FAIL">
          <exception class="java.net.MalformedURLException">
            <message>
              <![CDATA[no protocol: ]]>
            </message>
            <full-stacktrace>
              <![CDATA[java.net.MalformedURLException: no protocol: 
at java.base/java.net.URL.<init>(URL.java:772)
at java.base/java.net.URL.<init>(URL.java:654)
at java.base/java.net.URL.<init>(URL.java:590)
at org.openqa.selenium.remote.RemoteWebDriver.<init>(RemoteWebDriver.java)
at io.appium.java_client.AppiumDriver.<init>(AppiumDriver.java:101)
at io.appium.java_client.AppiumDriver.<init>(AppiumDriver.java:113)
at io.appium.java_client.ios.IOSDriver.<init>(IOSDriver.java:101)
at org.latiffsyed.testUtils.IOSBaseTest.configureAppium(IOSBaseTest.java:61)
at java.base/jdk.internal.reflect.DirectMethodHandleAccessor.invoke(DirectMethodHandleAccessor.java:103)
at java.base/java.lang.reflect.Method.invoke(Method.java:580)
at org.testng.internal.invokers.MethodInvocationHelper.invokeMethod(MethodInvocationHelper.java:141)
at org.testng.internal.invokers.MethodInvocationHelper.invokeMethodConsideringTimeout(MethodInvocationHelper.java:71)
at org.testng.internal.invokers.ConfigInvoker.invokeConfigurationMethod(ConfigInvoker.java:400)
at org.testng.internal.invokers.ConfigInvoker.invokeConfigurations(ConfigInvoker.java:333)
at org.testng.internal.invokers.TestMethodWorker.invokeBeforeClassMethods(TestMethodWorker.java:188)
at org.testng.internal.invokers.TestMethodWorker.run(TestMethodWorker.java:128)
at java.base/java.util.ArrayList.forEach(ArrayList.java:1596)
at org.testng.TestRunner.privateRun(TestRunner.java:739)
at org.testng.TestRunner.run(TestRunner.java:614)
at org.testng.SuiteRunner.runTest(SuiteRunner.java:421)
at org.testng.SuiteRunner$SuiteWorker.run(SuiteRunner.java:463)
at org.testng.internal.thread.ThreadUtil.lambda$execute$0(ThreadUtil.java:64)
at java.base/java.util.concurrent.FutureTask.run(FutureTask.java:317)
at java.base/java.util.concurrent.ThreadPoolExecutor.runWorker(ThreadPoolExecutor.java:1144)
at java.base/java.util.concurrent.ThreadPoolExecutor$Worker.run(ThreadPoolExecutor.java:642)
at java.base/java.lang.Thread.run(Thread.java:1583)
]]>
            </full-stacktrace>
          </exception> <!-- java.net.MalformedURLException -->
          <reporter-output>
          </reporter-output>
        </test-method> <!-- configureAppium -->
        <test-method signature="ValidateiOSAlertMessageTest()[pri:0, instance:org.latiffsyed.tests.iOS.AlertViewMessageValidationTest@24eb65e3]" started-at="2025-07-24T10:53:42 EDT" name="ValidateiOSAlertMessageTest" finished-at="2025-07-24T10:53:42 EDT" duration-ms="0" status="SKIP">
          <exception class="java.net.MalformedURLException">
            <message>
              <![CDATA[no protocol: ]]>
            </message>
            <full-stacktrace>
              <![CDATA[java.net.MalformedURLException: no protocol: 
at java.base/java.net.URL.<init>(URL.java:772)
at java.base/java.net.URL.<init>(URL.java:654)
at java.base/java.net.URL.<init>(URL.java:590)
at org.openqa.selenium.remote.RemoteWebDriver.<init>(RemoteWebDriver.java)
at io.appium.java_client.AppiumDriver.<init>(AppiumDriver.java:101)
at io.appium.java_client.AppiumDriver.<init>(AppiumDriver.java:113)
at io.appium.java_client.ios.IOSDriver.<init>(IOSDriver.java:101)
at org.latiffsyed.testUtils.IOSBaseTest.configureAppium(IOSBaseTest.java:61)
at java.base/jdk.internal.reflect.DirectMethodHandleAccessor.invoke(DirectMethodHandleAccessor.java:103)
at java.base/java.lang.reflect.Method.invoke(Method.java:580)
at org.testng.internal.invokers.MethodInvocationHelper.invokeMethod(MethodInvocationHelper.java:141)
at org.testng.internal.invokers.MethodInvocationHelper.invokeMethodConsideringTimeout(MethodInvocationHelper.java:71)
at org.testng.internal.invokers.ConfigInvoker.invokeConfigurationMethod(ConfigInvoker.java:400)
at org.testng.internal.invokers.ConfigInvoker.invokeConfigurations(ConfigInvoker.java:333)
at org.testng.internal.invokers.TestMethodWorker.invokeBeforeClassMethods(TestMethodWorker.java:188)
at org.testng.internal.invokers.TestMethodWorker.run(TestMethodWorker.java:128)
at java.base/java.util.ArrayList.forEach(ArrayList.java:1596)
at org.testng.TestRunner.privateRun(TestRunner.java:739)
at org.testng.TestRunner.run(TestRunner.java:614)
at org.testng.SuiteRunner.runTest(SuiteRunner.java:421)
at org.testng.SuiteRunner$SuiteWorker.run(SuiteRunner.java:463)
at org.testng.internal.thread.ThreadUtil.lambda$execute$0(ThreadUtil.java:64)
at java.base/java.util.concurrent.FutureTask.run(FutureTask.java:317)
at java.base/java.util.concurrent.ThreadPoolExecutor.runWorker(ThreadPoolExecutor.java:1144)
at java.base/java.util.concurrent.ThreadPoolExecutor$Worker.run(ThreadPoolExecutor.java:642)
at java.base/java.lang.Thread.run(Thread.java:1583)
]]>
            </full-stacktrace>
          </exception> <!-- java.net.MalformedURLException -->
          <reporter-output>
          </reporter-output>
        </test-method> <!-- ValidateiOSAlertMessageTest -->
        <test-method is-config="true" signature="tearDown()[pri:0, instance:org.latiffsyed.tests.iOS.AlertViewMessageValidationTest@24eb65e3]" started-at="2025-07-24T10:53:42 EDT" name="tearDown" finished-at="2025-07-24T10:53:42 EDT" duration-ms="8" status="FAIL">
          <exception class="java.lang.NullPointerException">
            <message>
              <![CDATA[Cannot invoke "io.appium.java_client.ios.IOSDriver.quit()" because "this.driver" is null]]>
            </message>
            <full-stacktrace>
              <![CDATA[java.lang.NullPointerException: Cannot invoke "io.appium.java_client.ios.IOSDriver.quit()" because "this.driver" is null
at org.latiffsyed.testUtils.IOSBaseTest.tearDown(IOSBaseTest.java:71)
at java.base/jdk.internal.reflect.DirectMethodHandleAccessor.invoke(DirectMethodHandleAccessor.java:103)
at java.base/java.lang.reflect.Method.invoke(Method.java:580)
at org.testng.internal.invokers.MethodInvocationHelper.invokeMethod(MethodInvocationHelper.java:141)
at org.testng.internal.invokers.MethodInvocationHelper.invokeMethodConsideringTimeout(MethodInvocationHelper.java:71)
at org.testng.internal.invokers.ConfigInvoker.invokeConfigurationMethod(ConfigInvoker.java:400)
at org.testng.internal.invokers.ConfigInvoker.invokeConfigurations(ConfigInvoker.java:333)
at org.testng.internal.invokers.TestMethodWorker.invokeAfterClassConfigurations(TestMethodWorker.java:238)
at org.testng.internal.invokers.TestMethodWorker.invokeAfterClassMethods(TestMethodWorker.java:223)
at org.testng.internal.invokers.TestMethodWorker.run(TestMethodWorker.java:137)
at java.base/java.util.ArrayList.forEach(ArrayList.java:1596)
at org.testng.TestRunner.privateRun(TestRunner.java:739)
at org.testng.TestRunner.run(TestRunner.java:614)
at org.testng.SuiteRunner.runTest(SuiteRunner.java:421)
at org.testng.SuiteRunner$SuiteWorker.run(SuiteRunner.java:463)
at org.testng.internal.thread.ThreadUtil.lambda$execute$0(ThreadUtil.java:64)
at java.base/java.util.concurrent.FutureTask.run(FutureTask.java:317)
at java.base/java.util.concurrent.ThreadPoolExecutor.runWorker(ThreadPoolExecutor.java:1144)
at java.base/java.util.concurrent.ThreadPoolExecutor$Worker.run(ThreadPoolExecutor.java:642)
at java.base/java.lang.Thread.run(Thread.java:1583)
]]>
            </full-stacktrace>
          </exception> <!-- java.lang.NullPointerException -->
          <reporter-output>
          </reporter-output>
        </test-method> <!-- tearDown -->
      </class> <!-- org.latiffsyed.tests.iOS.AlertViewMessageValidationTest -->
    </test> <!--  iOS Alert Handling Test-0 -->
    <test started-at="2025-07-24T10:53:42 EDT" name=" iOS Alert Handling Test-2" finished-at="2025-07-24T10:53:42 EDT" duration-ms="646">
      <class name="org.latiffsyed.tests.iOS.AlertViewMessageValidationTest">
        <test-method is-config="true" signature="configureAppium()[pri:0, instance:org.latiffsyed.tests.iOS.AlertViewMessageValidationTest@6add8e3f]" started-at="2025-07-24T10:53:42 EDT" name="configureAppium" finished-at="2025-07-24T10:53:42 EDT" duration-ms="18" status="FAIL">
          <exception class="java.net.MalformedURLException">
            <message>
              <![CDATA[no protocol: ]]>
            </message>
            <full-stacktrace>
              <![CDATA[java.net.MalformedURLException: no protocol: 
at java.base/java.net.URL.<init>(URL.java:772)
at java.base/java.net.URL.<init>(URL.java:654)
at java.base/java.net.URL.<init>(URL.java:590)
at org.openqa.selenium.remote.RemoteWebDriver.<init>(RemoteWebDriver.java)
at io.appium.java_client.AppiumDriver.<init>(AppiumDriver.java:101)
at io.appium.java_client.AppiumDriver.<init>(AppiumDriver.java:113)
at io.appium.java_client.ios.IOSDriver.<init>(IOSDriver.java:101)
at org.latiffsyed.testUtils.IOSBaseTest.configureAppium(IOSBaseTest.java:61)
at java.base/jdk.internal.reflect.DirectMethodHandleAccessor.invoke(DirectMethodHandleAccessor.java:103)
at java.base/java.lang.reflect.Method.invoke(Method.java:580)
at org.testng.internal.invokers.MethodInvocationHelper.invokeMethod(MethodInvocationHelper.java:141)
at org.testng.internal.invokers.MethodInvocationHelper.invokeMethodConsideringTimeout(MethodInvocationHelper.java:71)
at org.testng.internal.invokers.ConfigInvoker.invokeConfigurationMethod(ConfigInvoker.java:400)
at org.testng.internal.invokers.ConfigInvoker.invokeConfigurations(ConfigInvoker.java:333)
at org.testng.internal.invokers.TestMethodWorker.invokeBeforeClassMethods(TestMethodWorker.java:188)
at org.testng.internal.invokers.TestMethodWorker.run(TestMethodWorker.java:128)
at java.base/java.util.ArrayList.forEach(ArrayList.java:1596)
at org.testng.TestRunner.privateRun(TestRunner.java:739)
at org.testng.TestRunner.run(TestRunner.java:614)
at org.testng.SuiteRunner.runTest(SuiteRunner.java:421)
at org.testng.SuiteRunner$SuiteWorker.run(SuiteRunner.java:463)
at org.testng.internal.thread.ThreadUtil.lambda$execute$0(ThreadUtil.java:64)
at java.base/java.util.concurrent.FutureTask.run(FutureTask.java:317)
at java.base/java.util.concurrent.ThreadPoolExecutor.runWorker(ThreadPoolExecutor.java:1144)
at java.base/java.util.concurrent.ThreadPoolExecutor$Worker.run(ThreadPoolExecutor.java:642)
at java.base/java.lang.Thread.run(Thread.java:1583)
]]>
            </full-stacktrace>
          </exception> <!-- java.net.MalformedURLException -->
          <reporter-output>
          </reporter-output>
        </test-method> <!-- configureAppium -->
        <test-method signature="ValidateiOSAlertMessageTest()[pri:0, instance:org.latiffsyed.tests.iOS.AlertViewMessageValidationTest@6add8e3f]" started-at="2025-07-24T10:53:42 EDT" name="ValidateiOSAlertMessageTest" finished-at="2025-07-24T10:53:42 EDT" duration-ms="0" status="SKIP">
          <exception class="java.net.MalformedURLException">
            <message>
              <![CDATA[no protocol: ]]>
            </message>
            <full-stacktrace>
              <![CDATA[java.net.MalformedURLException: no protocol: 
at java.base/java.net.URL.<init>(URL.java:772)
at java.base/java.net.URL.<init>(URL.java:654)
at java.base/java.net.URL.<init>(URL.java:590)
at org.openqa.selenium.remote.RemoteWebDriver.<init>(RemoteWebDriver.java)
at io.appium.java_client.AppiumDriver.<init>(AppiumDriver.java:101)
at io.appium.java_client.AppiumDriver.<init>(AppiumDriver.java:113)
at io.appium.java_client.ios.IOSDriver.<init>(IOSDriver.java:101)
at org.latiffsyed.testUtils.IOSBaseTest.configureAppium(IOSBaseTest.java:61)
at java.base/jdk.internal.reflect.DirectMethodHandleAccessor.invoke(DirectMethodHandleAccessor.java:103)
at java.base/java.lang.reflect.Method.invoke(Method.java:580)
at org.testng.internal.invokers.MethodInvocationHelper.invokeMethod(MethodInvocationHelper.java:141)
at org.testng.internal.invokers.MethodInvocationHelper.invokeMethodConsideringTimeout(MethodInvocationHelper.java:71)
at org.testng.internal.invokers.ConfigInvoker.invokeConfigurationMethod(ConfigInvoker.java:400)
at org.testng.internal.invokers.ConfigInvoker.invokeConfigurations(ConfigInvoker.java:333)
at org.testng.internal.invokers.TestMethodWorker.invokeBeforeClassMethods(TestMethodWorker.java:188)
at org.testng.internal.invokers.TestMethodWorker.run(TestMethodWorker.java:128)
at java.base/java.util.ArrayList.forEach(ArrayList.java:1596)
at org.testng.TestRunner.privateRun(TestRunner.java:739)
at org.testng.TestRunner.run(TestRunner.java:614)
at org.testng.SuiteRunner.runTest(SuiteRunner.java:421)
at org.testng.SuiteRunner$SuiteWorker.run(SuiteRunner.java:463)
at org.testng.internal.thread.ThreadUtil.lambda$execute$0(ThreadUtil.java:64)
at java.base/java.util.concurrent.FutureTask.run(FutureTask.java:317)
at java.base/java.util.concurrent.ThreadPoolExecutor.runWorker(ThreadPoolExecutor.java:1144)
at java.base/java.util.concurrent.ThreadPoolExecutor$Worker.run(ThreadPoolExecutor.java:642)
at java.base/java.lang.Thread.run(Thread.java:1583)
]]>
            </full-stacktrace>
          </exception> <!-- java.net.MalformedURLException -->
          <reporter-output>
          </reporter-output>
        </test-method> <!-- ValidateiOSAlertMessageTest -->
        <test-method is-config="true" signature="tearDown()[pri:0, instance:org.latiffsyed.tests.iOS.AlertViewMessageValidationTest@6add8e3f]" started-at="2025-07-24T10:53:42 EDT" name="tearDown" finished-at="2025-07-24T10:53:42 EDT" duration-ms="5" status="FAIL">
          <exception class="java.lang.NullPointerException">
            <message>
              <![CDATA[Cannot invoke "io.appium.java_client.ios.IOSDriver.quit()" because "this.driver" is null]]>
            </message>
            <full-stacktrace>
              <![CDATA[java.lang.NullPointerException: Cannot invoke "io.appium.java_client.ios.IOSDriver.quit()" because "this.driver" is null
at org.latiffsyed.testUtils.IOSBaseTest.tearDown(IOSBaseTest.java:71)
at java.base/jdk.internal.reflect.DirectMethodHandleAccessor.invoke(DirectMethodHandleAccessor.java:103)
at java.base/java.lang.reflect.Method.invoke(Method.java:580)
at org.testng.internal.invokers.MethodInvocationHelper.invokeMethod(MethodInvocationHelper.java:141)
at org.testng.internal.invokers.MethodInvocationHelper.invokeMethodConsideringTimeout(MethodInvocationHelper.java:71)
at org.testng.internal.invokers.ConfigInvoker.invokeConfigurationMethod(ConfigInvoker.java:400)
at org.testng.internal.invokers.ConfigInvoker.invokeConfigurations(ConfigInvoker.java:333)
at org.testng.internal.invokers.TestMethodWorker.invokeAfterClassConfigurations(TestMethodWorker.java:238)
at org.testng.internal.invokers.TestMethodWorker.invokeAfterClassMethods(TestMethodWorker.java:223)
at org.testng.internal.invokers.TestMethodWorker.run(TestMethodWorker.java:137)
at java.base/java.util.ArrayList.forEach(ArrayList.java:1596)
at org.testng.TestRunner.privateRun(TestRunner.java:739)
at org.testng.TestRunner.run(TestRunner.java:614)
at org.testng.SuiteRunner.runTest(SuiteRunner.java:421)
at org.testng.SuiteRunner$SuiteWorker.run(SuiteRunner.java:463)
at org.testng.internal.thread.ThreadUtil.lambda$execute$0(ThreadUtil.java:64)
at java.base/java.util.concurrent.FutureTask.run(FutureTask.java:317)
at java.base/java.util.concurrent.ThreadPoolExecutor.runWorker(ThreadPoolExecutor.java:1144)
at java.base/java.util.concurrent.ThreadPoolExecutor$Worker.run(ThreadPoolExecutor.java:642)
at java.base/java.lang.Thread.run(Thread.java:1583)
]]>
            </full-stacktrace>
          </exception> <!-- java.lang.NullPointerException -->
          <reporter-output>
          </reporter-output>
        </test-method> <!-- tearDown -->
      </class> <!-- org.latiffsyed.tests.iOS.AlertViewMessageValidationTest -->
    </test> <!--  iOS Alert Handling Test-2 -->
  </suite> <!-- EcommerceApp Test Suite -->
</testng-results>
