<?xml version="1.0" encoding="UTF-8"?>
<!-- Generated by org.testng.reporters.JUnitXMLReporter -->
<testsuite ignored="0" hostname="73155.local" failures="0" tests="3" name="Login Negative and Positive Tests" time="1.378" errors="0" timestamp="2025-07-23T23:51:50 EDT">
  <testcase classname="org.latiffsyed.tests.android.LoginFormValidationTest" name="FormLogin_ErrorValidationFailedTest" time="0.0">
    <skipped/>
  </testcase> <!-- FormLogin_ErrorValidationFailedTest -->
  <testcase classname="org.latiffsyed.tests.android.LoginFormValidationTest" name="FormLogin_ErrorValidationTest" time="0.0">
    <skipped/>
  </testcase> <!-- FormLogin_ErrorValidationTest -->
  <testcase classname="org.latiffsyed.tests.android.LoginFormValidationTest" name="FormLogin_PositiveFlowTest" time="0.0">
    <skipped/>
  </testcase> <!-- FormLogin_PositiveFlowTest -->
</testsuite> <!-- Login Negative and Positive Tests -->
